\BOOKMARK [1][-]{section.0}{\376\377\000A\000b\000s\000t\000r\000a\000c\000t}{}% 1
\BOOKMARK [1][-]{section.0}{\376\377\000A\000c\000k\000n\000o\000w\000l\000e\000d\000g\000m\000e\000n\000t\000s}{}% 2
\BOOKMARK [1][-]{section.1}{\376\377\000I\000n\000t\000r\000o\000d\000u\000c\000t\000i\000o\000n}{}% 3
\BOOKMARK [2][-]{subsection.1.1}{\376\377\000T\000h\000e\000\040\000i\000n\000c\000r\000e\000a\000s\000e\000d\000\040\000d\000e\000m\000a\000n\000d\000\040\000o\000f\000\040\000m\000o\000c\000a\000p\000\040\000c\000l\000i\000p\000s}{section.1}% 4
\BOOKMARK [2][-]{subsection.1.2}{\376\377\000T\000h\000e\000s\000i\000s\000\040\000a\000i\000m}{section.1}% 5
\BOOKMARK [2][-]{subsection.1.3}{\376\377\000T\000h\000e\000s\000i\000s\000\040\000S\000t\000r\000u\000c\000t\000u\000r\000e}{section.1}% 6
\BOOKMARK [1][-]{section.2}{\376\377\000B\000a\000c\000k\000g\000r\000o\000u\000n\000d}{}% 7
\BOOKMARK [2][-]{subsection.2.1}{\376\377\000M\000o\000c\000a\000p\000\040\000c\000l\000i\000p\000s}{section.2}% 8
\BOOKMARK [3][-]{subsubsection.2.1.1}{\376\377\000O\000p\000t\000i\000c\000a\000l\000\040\000M\000o\000t\000i\000o\000n\000\040\000C\000a\000p\000t\000u\000r\000e}{subsection.2.1}% 9
\BOOKMARK [3][-]{subsubsection.2.1.2}{\376\377\000N\000o\000n\000-\000O\000p\000t\000i\000c\000a\000l\000\040\000M\000o\000t\000i\000o\000n\000\040\000C\000a\000p\000t\000u\000r\000e}{subsection.2.1}% 10
\BOOKMARK [2][-]{subsection.2.2}{\376\377\000N\000e\000u\000r\000a\000l\000\040\000N\000e\000t\000w\000o\000r\000k\000s}{section.2}% 11
\BOOKMARK [3][-]{subsubsection.2.2.1}{\376\377\000A\000r\000t\000i\000f\000i\000c\000i\000a\000l\000\040\000N\000e\000u\000r\000a\000l\000\040\000N\000e\000t\000w\000o\000r\000k}{subsection.2.2}% 12
\BOOKMARK [3][-]{subsubsection.2.2.2}{\376\377\000C\000o\000n\000v\000o\000l\000u\000t\000i\000o\000n\000a\000l\000\040\000N\000e\000u\000r\000a\000l\000\040\000N\000e\000t\000w\000o\000r\000k}{subsection.2.2}% 13
\BOOKMARK [2][-]{subsection.2.3}{\376\377\000R\000e\000l\000a\000t\000e\000d\000\040\000W\000o\000r\000k}{section.2}% 14
\BOOKMARK [2][-]{subsection.2.4}{\376\377\000G\000a\000i\000t\000\040\000m\000o\000c\000a\000p\000\040\000c\000l\000i\000p\000\040\000G\000e\000n\000e\000r\000a\000t\000i\000o\000n\000\040\000t\000h\000r\000o\000u\000g\000h\000\040\000a\000\040\000G\000A\000N}{section.2}% 15
\BOOKMARK [3][-]{subsubsection.2.4.1}{\376\377\000D\000a\000t\000a\000s\000e\000t}{subsection.2.4}% 16
\BOOKMARK [3][-]{subsubsection.2.4.2}{\376\377\000G\000e\000n\000e\000r\000a\000t\000i\000v\000e\000\040\000A\000d\000v\000e\000r\000s\000a\000r\000i\000a\000l\000\040\000N\000e\000t\000w\000o\000r\000k\000s}{subsection.2.4}% 17
\BOOKMARK [3][-]{subsubsection.2.4.3}{\376\377\000E\000v\000a\000l\000u\000a\000t\000i\000o\000n\000\040\000o\000f\000\040\000t\000h\000e\000\040\000a\000p\000p\000r\000o\000a\000c\000h}{subsection.2.4}% 18
\BOOKMARK [1][-]{section.3}{\376\377\000R\000e\000q\000u\000i\000r\000e\000m\000e\000n\000t\000s}{}% 19
\BOOKMARK [2][-]{subsection.3.1}{\376\377\000H\000a\000r\000d\000w\000a\000r\000e}{section.3}% 20
\BOOKMARK [2][-]{subsection.3.2}{\376\377\000I\000n\000p\000u\000t\000\040\000r\000e\000q\000u\000i\000r\000e\000m\000e\000n\000t\000s}{section.3}% 21
\BOOKMARK [2][-]{subsection.3.3}{\376\377\000A\000p\000p\000l\000i\000c\000a\000t\000i\000o\000n\000'\000s\000\040\000W\000o\000r\000k\000f\000l\000o\000w}{section.3}% 22
\BOOKMARK [1][-]{section.4}{\376\377\000I\000m\000p\000l\000e\000m\000e\000n\000t\000a\000t\000i\000o\000n}{}% 23
\BOOKMARK [2][-]{subsection.4.1}{\376\377\000M\000o\000c\000a\000p\000\040\000D\000a\000t\000a\000s\000e\000t\000\040\000A\000u\000g\000m\000e\000n\000t\000a\000t\000i\000o\000n\000\040\000u\000s\000i\000n\000g\000\040\000p\000r\000e\000t\000r\000a\000i\000n\000e\000d\000\040\000m\000o\000d\000e\000l\000s}{section.4}% 24
\BOOKMARK [3][-]{subsubsection.4.1.1}{\376\377\000D\000a\000t\000a\000s\000e\000t\000\040\000A\000u\000g\000m\000e\000n\000t\000a\000t\000i\000o\000n}{subsection.4.1}% 25
\BOOKMARK [3][-]{subsubsection.4.1.2}{\376\377\000A\000v\000a\000i\000l\000a\000b\000l\000e\000\040\000P\000r\000e\000t\000r\000a\000i\000n\000e\000d\000\040\000M\000o\000d\000e\000l\000s}{subsection.4.1}% 26
\BOOKMARK [3][-]{subsubsection.4.1.3}{\376\377\000A\000l\000p\000h\000a\000-\000p\000o\000s\000e\000\040\000m\000o\000d\000e\000l}{subsection.4.1}% 27
\BOOKMARK [3][-]{subsubsection.4.1.4}{\376\377\000O\000r\000i\000e\000n\000t\000a\000t\000i\000o\000n\000\040\000a\000n\000d\000\040\000l\000o\000c\000a\000t\000i\000o\000n\000\040\000e\000s\000t\000i\000m\000a\000t\000i\000o\000n}{subsection.4.1}% 28
\BOOKMARK [2][-]{subsection.4.2}{\376\377\000A\000n\000i\000m\000a\000t\000o\000r\000\040\000T\000o\000o\000l\000s}{section.4}% 29
\BOOKMARK [3][-]{subsubsection.4.2.1}{\376\377\000B\000i\000o\000v\000i\000s\000i\000o\000n\000\040\000H\000i\000e\000r\000a\000r\000c\000h\000i\000c\000a\000l\000\040\000\050\000B\000V\000H\000\051}{subsection.4.2}% 30
\BOOKMARK [3][-]{subsubsection.4.2.2}{\376\377\000F\000a\000s\000t\000\040\000B\000V\000H\000\040\000E\000d\000i\000t\000i\000n\000g}{subsection.4.2}% 31
\BOOKMARK [3][-]{subsubsection.4.2.3}{\376\377\000B\000V\000H\000\040\000F\000i\000l\000t\000e\000r\000i\000n\000g}{subsection.4.2}% 32
\BOOKMARK [2][-]{subsection.4.3}{\376\377\000W\000i\000n\000d\000o\000w\000s\000\040\000A\000p\000p\000l\000i\000c\000a\000t\000i\000o\000n}{section.4}% 33
\BOOKMARK [3][-]{subsubsection.4.3.1}{\376\377\000A\000p\000p\000l\000i\000c\000a\000t\000i\000o\000n\000'\000s\000\040\000U\000I}{subsection.4.3}% 34
\BOOKMARK [3][-]{subsubsection.4.3.2}{\376\377\000T\000k\000i\000n\000t\000e\000r\000\040\000l\000i\000b\000r\000a\000r\000y}{subsection.4.3}% 35
\BOOKMARK [3][-]{subsubsection.4.3.3}{\376\377\000C\000o\000n\000s\000t\000r\000u\000c\000t\000i\000o\000n\000\040\000o\000f\000\040\000t\000h\000e\000\040\000A\000p\000p\000l\000i\000c\000a\000t\000i\000o\000n\000\040}{subsection.4.3}% 36
\BOOKMARK [1][-]{section.5}{\376\377\000E\000v\000a\000l\000u\000a\000t\000i\000o\000n}{}% 37
\BOOKMARK [2][-]{subsection.5.1}{\376\377\000A\000l\000g\000o\000r\000i\000t\000h\000m\000\040\000A\000c\000c\000u\000r\000a\000c\000y}{section.5}% 38
\BOOKMARK [2][-]{subsection.5.2}{\376\377\000C\000o\000m\000p\000a\000r\000i\000n\000g\000\040\000R\000e\000s\000u\000l\000t}{section.5}% 39
\BOOKMARK [1][-]{section.6}{\376\377\000D\000i\000s\000c\000u\000s\000s\000i\000o\000n}{}% 40
\BOOKMARK [2][-]{subsection.6.1}{\376\377\000D\000r\000a\000w\000b\000a\000c\000k\000s\000\040\000o\000f\000\040\000o\000u\000r\000\040\000W\000o\000r\000k}{section.6}% 41
\BOOKMARK [2][-]{subsection.6.2}{\376\377\000F\000u\000t\000u\000r\000e\000\040\000A\000p\000p\000r\000o\000a\000c\000h\000e\000s}{section.6}% 42
