\BOOKMARK [1][-]{section.1}{\376\377\000I\000n\000t\000r\000o\000d\000u\000c\000t\000i\000o\000n}{}% 1
\BOOKMARK [2][-]{subsection.1.1}{\376\377\000T\000h\000e\000s\000i\000s\000\040\000a\000i\000m}{section.1}% 2
\BOOKMARK [2][-]{subsection.1.2}{\376\377\000T\000h\000e\000s\000i\000s\000\040\000F\000l\000o\000w\000c\000h\000a\000r\000t}{section.1}% 3
\BOOKMARK [1][-]{section.2}{\376\377\000B\000a\000c\000k\000g\000r\000o\000u\000n\000d}{}% 4
\BOOKMARK [2][-]{subsection.2.1}{\376\377\000A\000b\000o\000u\000t\000\040\000M\000o\000c\000a\000p\000\040\000c\000l\000i\000p\000s}{section.2}% 5
\BOOKMARK [2][-]{subsection.2.2}{\376\377\000R\000e\000l\000a\000t\000e\000d\000\040\000W\000o\000r\000k}{section.2}% 6
\BOOKMARK [1][-]{section.3}{\376\377\000F\000i\000r\000s\000t\000\040\000A\000p\000p\000r\000o\000a\000c\000h\000,\000\040\000w\000i\000t\000h\000\040\000G\000A\000N\000'\000s}{}% 7
\BOOKMARK [2][-]{subsection.3.1}{\376\377\000D\000a\000t\000a\000s\000e\000t}{section.3}% 8
\BOOKMARK [2][-]{subsection.3.2}{\376\377\000T\000h\000e\000o\000r\000y}{section.3}% 9
\BOOKMARK [2][-]{subsection.3.3}{\376\377\000C\000o\000n\000s\000\040\000a\000n\000d\000\040\000P\000r\000o\000s\000\040\000o\000f\000\040\000t\000h\000i\000s\000\040\000i\000d\000e\000a}{section.3}% 10
\BOOKMARK [1][-]{section.4}{\376\377\000M\000o\000c\000a\000p\000\040\000D\000a\000t\000a\000s\000e\000t\000\040\000A\000u\000g\000m\000e\000n\000t\000a\000t\000i\000o\000n\000\040\000u\000s\000i\000n\000g\000\040\000p\000r\000e\000t\000r\000a\000i\000n\000e\000d\000\040\000m\000o\000d\000e\000l\000s}{}% 11
\BOOKMARK [2][-]{subsection.4.1}{\376\377\000A\000b\000o\000u\000t\000\040\000D\000a\000t\000a\000s\000e\000t\000\040\000A\000u\000g\000m\000e\000n\000t\000a\000t\000i\000o\000n}{section.4}% 12
\BOOKMARK [2][-]{subsection.4.2}{\376\377\000A\000v\000a\000i\000l\000a\000b\000l\000e\000\040\000P\000r\000e\000t\000r\000a\000i\000n\000e\000d\000\040\000M\000o\000d\000e\000l\000s}{section.4}% 13
\BOOKMARK [1][-]{section.5}{\376\377\000I\000m\000p\000l\000e\000m\000e\000n\000t\000a\000t\000i\000o\000n}{}% 14
\BOOKMARK [2][-]{subsection.5.1}{\376\377\000A\000l\000p\000h\000a\000-\000p\000o\000s\000e\000\040\000m\000o\000d\000e\000l}{section.5}% 15
\BOOKMARK [2][-]{subsection.5.2}{\376\377\000O\000r\000i\000g\000i\000n\000a\000t\000i\000o\000n\000\040\000a\000n\000d\000\040\000l\000o\000c\000a\000t\000i\000o\000n\000\040\000e\000s\000t\000i\000m\000a\000t\000i\000o\000n}{section.5}% 16
\BOOKMARK [2][-]{subsection.5.3}{\376\377\000E\000v\000a\000l\000u\000a\000t\000i\000o\000n}{section.5}% 17
\BOOKMARK [1][-]{section.6}{\376\377\000W\000i\000n\000d\000o\000w\000s\000\040\000A\000p\000p\000l\000i\000c\000a\000t\000i\000o\000n}{}% 18
\BOOKMARK [2][-]{subsection.6.1}{\376\377\000A\000b\000o\000u\000t\000\040\000T\000k\000i\000n\000t\000e\000r\000\040\000l\000i\000b\000r\000a\000r\000y}{section.6}% 19
\BOOKMARK [2][-]{subsection.6.2}{\376\377\000A\000b\000o\000u\000t\000\040\000t\000h\000e\000\040\000A\000p\000p\000l\000i\000c\000a\000t\000i\000o\000n\000\040}{section.6}% 20
\BOOKMARK [1][-]{section.7}{\376\377\000F\000u\000t\000u\000r\000e\000\040\000A\000p\000p\000r\000o\000a\000c\000h\000e\000s}{}% 21
