Using pre-set license
Built from 'trunk' branch; Version is '2022.1.0a13 (5a5aca0fb632) revision 5921482'; Using compiler version '192829333'; Build Type 'Release'
OS: 'Windows 10 Home; OS build 19043.1348; Version 2009; 64bit' Language: 'en' Physical Memory: 16304 MB
BatchMode: 1, IsHumanControllingUs: 0, StartBugReporterOnCrash: 0, Is64bit: 1, IsPro: 0

COMMAND LINE ARGUMENTS:
C:\Program Files\Unity\Hub\Editor\2022.1.0a13\Editor\Unity.exe
-adb2
-batchMode
-noUpm
-name
AssetImportWorker1
-projectPath
D:/tuc/Github/Thesis/Unity/Thesis_Results
-logFile
Logs/AssetImportWorker1.log
-srvPort
49427
Successfully changed project path to: D:/tuc/Github/Thesis/Unity/Thesis_Results
D:/tuc/Github/Thesis/Unity/Thesis_Results
[UnityMemory] Configuration Parameters - Can be set up in boot.config
    "memorysetup-bucket-allocator-granularity=16"
    "memorysetup-bucket-allocator-bucket-count=8"
    "memorysetup-bucket-allocator-block-size=33554432"
    "memorysetup-bucket-allocator-block-count=8"
    "memorysetup-main-allocator-block-size=16777216"
    "memorysetup-thread-allocator-block-size=16777216"
    "memorysetup-gfx-main-allocator-block-size=16777216"
    "memorysetup-gfx-thread-allocator-block-size=16777216"
    "memorysetup-cache-allocator-block-size=4194304"
    "memorysetup-typetree-allocator-block-size=2097152"
    "memorysetup-profiler-bucket-allocator-granularity=16"
    "memorysetup-profiler-bucket-allocator-bucket-count=8"
    "memorysetup-profiler-bucket-allocator-block-size=33554432"
    "memorysetup-profiler-bucket-allocator-block-count=8"
    "memorysetup-profiler-allocator-block-size=16777216"
    "memorysetup-profiler-editor-allocator-block-size=1048576"
    "memorysetup-temp-allocator-size-main=16777216"
    "memorysetup-job-temp-allocator-block-size=2097152"
    "memorysetup-job-temp-allocator-block-size-background=1048576"
    "memorysetup-job-temp-allocator-reduction-small-platforms=262144"
    "memorysetup-temp-allocator-size-background-worker=32768"
    "memorysetup-temp-allocator-size-job-worker=262144"
    "memorysetup-temp-allocator-size-preload-manager=33554432"
    "memorysetup-temp-allocator-size-nav-mesh-worker=65536"
    "memorysetup-temp-allocator-size-audio-worker=65536"
    "memorysetup-temp-allocator-size-cloud-worker=32768"
    "memorysetup-temp-allocator-size-gi-baking-worker=262144"
    "memorysetup-temp-allocator-size-gfx=262144"
Refreshing native plugins compatible for Editor in 180.33 ms, found 3 plugins.
Preloading 0 native plugins for Editor in 0.00 ms.
Initialize engine version: 2022.1.0a13 (5a5aca0fb632)
[Subsystems] Discovering subsystems at path C:/Program Files/Unity/Hub/Editor/2022.1.0a13/Editor/Data/Resources/UnitySubsystems
[Subsystems] Discovering subsystems at path D:/tuc/Github/Thesis/Unity/Thesis_Results/Assets
GfxDevice: creating device client; threaded=0; jobified=0
Direct3D:
    Version:  Direct3D 11.0 [level 11.1]
    Renderer: NVIDIA GeForce GTX 1050 (ID=0x1c8d)
    Vendor:   NVIDIA
    VRAM:     1979 MB
    Driver:   30.0.14.7196
Initialize mono
Mono path[0] = 'C:/Program Files/Unity/Hub/Editor/2022.1.0a13/Editor/Data/Managed'
Mono path[1] = 'C:/Program Files/Unity/Hub/Editor/2022.1.0a13/Editor/Data/MonoBleedingEdge/lib/mono/unityjit-win32'
Mono config path = 'C:/Program Files/Unity/Hub/Editor/2022.1.0a13/Editor/Data/MonoBleedingEdge/etc'
Using monoOptions --debugger-agent=transport=dt_socket,embedding=1,server=y,suspend=n,address=127.0.0.1:56760
Begin MonoManager ReloadAssembly
Registering precompiled unity dll's ...
Register platform support module: C:/Program Files/Unity/Hub/Editor/2022.1.0a13/Editor/Data/PlaybackEngines/WindowsStandaloneSupport/UnityEditor.WindowsStandalone.Extensions.dll
Registered in 0.023191 seconds.
Native extension for WindowsStandalone target not found
Refreshing native plugins compatible for Editor in 143.41 ms, found 3 plugins.
Preloading 0 native plugins for Editor in 0.00 ms.
Mono: successfully reloaded assembly
- Completed reload, in  1.925 seconds
Domain Reload Profiling:
	ReloadAssembly (1926ms)
		BeginReloadAssembly (165ms)
			ExecutionOrderSort (0ms)
			DisableScriptedObjects (0ms)
			BackupInstance (0ms)
			ReleaseScriptingObjects (0ms)
			CreateAndSetChildDomain (2ms)
		EndReloadAssembly (984ms)
			LoadAssemblies (157ms)
			RebuildTransferFunctionScriptingTraits (0ms)
			SetupTypeCache (254ms)
				TypeCache.Initialize (253ms)
					TypeCache.ScanAssembly (250ms)
				ResolveRequiredComponents (1ms)
			ReleaseScriptCaches (0ms)
			RebuildScriptCaches (65ms)
			SetupLoadedEditorAssemblies (549ms)
				LogAssemblyErrors (0ms)
				InitializePlatformSupportModulesInManaged (22ms)
				SetLoadedEditorAssemblies (15ms)
				RefreshPlugins (144ms)
				BeforeProcessingInitializeOnLoad (2ms)
				ProcessInitializeOnLoadAttributes (279ms)
				ProcessInitializeOnLoadMethodAttributes (88ms)
				AfterProcessingInitializeOnLoad (0ms)
				EditorAssembliesLoaded (0ms)
			ExecutionOrderSort2 (0ms)
			AwakeInstancesAfterBackupRestoration (0ms)
Platform modules already initialized, skipping
Registering precompiled user dll's ...
Registered in 0.014450 seconds.
Begin MonoManager ReloadAssembly
Symbol file LoadedFromMemory doesn't match image D:\tuc\Github\Thesis\Unity\Thesis_Results\Library\PackageCache\com.unity.visualscripting@1.7.3\Editor\VisualScripting.Core\Dependencies\YamlDotNet\Unity.VisualScripting.YamlDotNet.dll
Symbol file LoadedFromMemory doesn't match image D:\tuc\Github\Thesis\Unity\Thesis_Results\Library\PackageCache\com.unity.visualscripting@1.7.3\Editor\VisualScripting.Core\Dependencies\DotNetZip\Unity.VisualScripting.IonicZip.dll
Native extension for WindowsStandalone target not found
Refreshing native plugins compatible for Editor in 1.39 ms, found 3 plugins.
Preloading 0 native plugins for Editor in 0.00 ms.
Mono: successfully reloaded assembly
- Completed reload, in  3.074 seconds
Domain Reload Profiling:
	ReloadAssembly (3077ms)
		BeginReloadAssembly (262ms)
			ExecutionOrderSort (0ms)
			DisableScriptedObjects (8ms)
			BackupInstance (0ms)
			ReleaseScriptingObjects (0ms)
			CreateAndSetChildDomain (34ms)
		EndReloadAssembly (2568ms)
			LoadAssemblies (190ms)
			RebuildTransferFunctionScriptingTraits (0ms)
			SetupTypeCache (518ms)
				TypeCache.Initialize (509ms)
					TypeCache.ScanAssembly (502ms)
				ResolveRequiredComponents (10ms)
			ReleaseScriptCaches (3ms)
			RebuildScriptCaches (147ms)
			SetupLoadedEditorAssemblies (1628ms)
				LogAssemblyErrors (0ms)
				InitializePlatformSupportModulesInManaged (26ms)
				SetLoadedEditorAssemblies (14ms)
				RefreshPlugins (2ms)
				BeforeProcessingInitializeOnLoad (203ms)
				ProcessInitializeOnLoadAttributes (1250ms)
				ProcessInitializeOnLoadMethodAttributes (84ms)
				AfterProcessingInitializeOnLoad (48ms)
				EditorAssembliesLoaded (1ms)
			ExecutionOrderSort2 (0ms)
			AwakeInstancesAfterBackupRestoration (31ms)
Platform modules already initialized, skipping
========================================================================
Worker process is ready to serve import requests
Launched and connected shader compiler UnityShaderCompiler.exe after 0.29 seconds
Refreshing native plugins compatible for Editor in 1.38 ms, found 3 plugins.
Preloading 0 native plugins for Editor in 0.00 ms.
Unloading 2993 Unused Serialized files (Serialized files now loaded: 0)
Unloading 22 unused Assets / (49.2 KB). Loaded Objects now: 3461.
Memory consumption went from 122.8 MB to 122.8 MB.
Total: 7.126300 ms (FindLiveObjects: 0.430300 ms CreateObjectMapping: 0.411800 ms MarkObjects: 6.135500 ms  DeleteObjects: 0.147000 ms)

AssetImportParameters requested are different than current active one (requested -> active):
  custom:video-decoder-ogg-theora: a1e56fd34408186e4bbccfd4996cb3dc -> 
  custom:container-muxer-webm: aa71ff27fc2769a1b78a27578f13a17b -> 
  custom:container-demuxer-webm: 4f35f7cbe854078d1ac9338744f61a02 -> 
  custom:video-encoder-webm-vp8: eb34c28f22e8b96e1ab97ce403110664 -> 
  custom:audio-encoder-webm-vorbis: bf7c407c2cedff20999df2af8eb42d56 -> 
  custom:framework-win-MediaFoundation: 216162199b28c13a410421893ffa2e32 -> 
  custom:container-demuxer-ogg: 62fdf1f143b41e24485cea50d1cbac27 -> 
  custom:video-decoder-webm-vp8: 9c59270c3fd7afecdb556c50c9e8de78 -> 
  custom:audio-decoder-ogg-vorbis: bf7c407c2cedff20999df2af8eb42d56 -> 
========================================================================
Received Import Request.
  Time since last request: 21172.034147 seconds.
  path: Assets/AssetStore/Aliosa/DublinChair/Prefabs/DublinChair_White.prefab
  artifactKey: Guid(0dd7b6be9402212409eac4505b399353) Importer(815301076,1909f56bfc062723c751e8b465ee728b)
Start importing Assets/AssetStore/Aliosa/DublinChair/Prefabs/DublinChair_White.prefab using Guid(0dd7b6be9402212409eac4505b399353) Importer(815301076,1909f56bfc062723c751e8b465ee728b)  -> (artifact id: 'c807999009381cba739eeb127d3968e2') in 0.539383 seconds 
========================================================================
Received Import Request.
  Time since last request: 5.490344 seconds.
  path: Assets/AssetStore/Aliosa/DublinChair/Art/Textures/white/dublinChairSeparated_leather_MaskMap.png
  artifactKey: Guid(7c6c98f71f3f3644f9307b52695a00e0) Importer(815301076,1909f56bfc062723c751e8b465ee728b)
Start importing Assets/AssetStore/Aliosa/DublinChair/Art/Textures/white/dublinChairSeparated_leather_MaskMap.png using Guid(7c6c98f71f3f3644f9307b52695a00e0) Importer(815301076,1909f56bfc062723c751e8b465ee728b)  -> (artifact id: 'd7ad4bde6f64ab253a31ba0dea5e3d65') in 0.114919 seconds 
========================================================================
Received Import Request.
  Time since last request: 0.000039 seconds.
  path: Assets/AssetStore/Aliosa/DublinChair/Art/Textures/white/dublinChairSeparated_leather_Normal.png
  artifactKey: Guid(8842aa74d6e7fe54ab44e7770705b3b3) Importer(815301076,1909f56bfc062723c751e8b465ee728b)
Start importing Assets/AssetStore/Aliosa/DublinChair/Art/Textures/white/dublinChairSeparated_leather_Normal.png using Guid(8842aa74d6e7fe54ab44e7770705b3b3) Importer(815301076,1909f56bfc062723c751e8b465ee728b)  -> (artifact id: '0c970d48d3c021faeb1b20398ae3a5c1') in 0.040852 seconds 
========================================================================
Received Import Request.
  Time since last request: 0.000062 seconds.
  path: Assets/AssetStore/Aliosa/DublinChair/Art/Textures/white/dublinChairSeparated_legs_Normal.png
  artifactKey: Guid(d4cf8ac147d255f44a3ce1d2e318880e) Importer(815301076,1909f56bfc062723c751e8b465ee728b)
Start importing Assets/AssetStore/Aliosa/DublinChair/Art/Textures/white/dublinChairSeparated_legs_Normal.png using Guid(d4cf8ac147d255f44a3ce1d2e318880e) Importer(815301076,1909f56bfc062723c751e8b465ee728b)  -> (artifact id: '678579daaa099211d957d699c88a7546') in 0.040441 seconds 
========================================================================
Received Import Request.
  Time since last request: 7.249324 seconds.
  path: Assets/AssetStore/Aliosa/DublinChair/Art/Textures/black/dublinChairSeparated_leather-black_MaskMap.png
  artifactKey: Guid(5a3f850ddec2f614d9c431f57f2ab194) Importer(815301076,1909f56bfc062723c751e8b465ee728b)
Start importing Assets/AssetStore/Aliosa/DublinChair/Art/Textures/black/dublinChairSeparated_leather-black_MaskMap.png using Guid(5a3f850ddec2f614d9c431f57f2ab194) Importer(815301076,1909f56bfc062723c751e8b465ee728b)  -> (artifact id: '5dc29586955bf065cac3e814daafd1a1') in 0.065348 seconds 
========================================================================
Received Import Request.
  Time since last request: 0.000049 seconds.
  path: Assets/AssetStore/Aliosa/DublinChair/Art/Textures/black/dublinChairSeparated_legs_MaskMap.png
  artifactKey: Guid(7188ba5a023a11f4b8ddae5f9628c85a) Importer(815301076,1909f56bfc062723c751e8b465ee728b)
Start importing Assets/AssetStore/Aliosa/DublinChair/Art/Textures/black/dublinChairSeparated_legs_MaskMap.png using Guid(7188ba5a023a11f4b8ddae5f9628c85a) Importer(815301076,1909f56bfc062723c751e8b465ee728b)  -> (artifact id: 'ab3dde15f09b6a4a4c409cf73dea2ab4') in 0.030361 seconds 
========================================================================
Received Import Request.
  Time since last request: 0.000030 seconds.
  path: Assets/AssetStore/Aliosa/DublinChair/Art/Textures/black/dublinChairSeparated_legs_Normal.png
  artifactKey: Guid(9135d45a60ea5c940870168af2a4f02d) Importer(815301076,1909f56bfc062723c751e8b465ee728b)
Start importing Assets/AssetStore/Aliosa/DublinChair/Art/Textures/black/dublinChairSeparated_legs_Normal.png using Guid(9135d45a60ea5c940870168af2a4f02d) Importer(815301076,1909f56bfc062723c751e8b465ee728b)  -> (artifact id: '24472c7d83615bfb31dc07361c628a13') in 0.030335 seconds 
========================================================================
Received Import Request.
  Time since last request: 18.038363 seconds.
  path: Assets/AssetStore/Aliosa/DublinChair/Art/Materials/leather_white.mat
  artifactKey: Guid(88eed028ee2ea1c469b9de750753b9a3) Importer(815301076,1909f56bfc062723c751e8b465ee728b)
Start importing Assets/AssetStore/Aliosa/DublinChair/Art/Materials/leather_white.mat using Guid(88eed028ee2ea1c469b9de750753b9a3) Importer(815301076,1909f56bfc062723c751e8b465ee728b)  -> (artifact id: 'cb440413ebc53182c6812272e9a304c1') in 0.055573 seconds 
========================================================================
Received Import Request.
  Time since last request: 0.000048 seconds.
  path: Assets/AssetStore/Aliosa/DublinChair/Art/Materials/metal_Leg.mat
  artifactKey: Guid(bc14470aee81c9447ba35b831c9ae128) Importer(815301076,1909f56bfc062723c751e8b465ee728b)
Start importing Assets/AssetStore/Aliosa/DublinChair/Art/Materials/metal_Leg.mat using Guid(bc14470aee81c9447ba35b831c9ae128) Importer(815301076,1909f56bfc062723c751e8b465ee728b)  -> (artifact id: 'cbf6ab5225ae053add501d4a397b5cc0') in 0.034473 seconds 
========================================================================
Received Prepare
Registering precompiled user dll's ...
Registered in 0.012256 seconds.
Begin MonoManager ReloadAssembly
Symbol file LoadedFromMemory doesn't match image D:\tuc\Github\Thesis\Unity\Thesis_Results\Library\PackageCache\com.unity.visualscripting@1.7.3\Editor\VisualScripting.Core\Dependencies\YamlDotNet\Unity.VisualScripting.YamlDotNet.dll
Symbol file LoadedFromMemory doesn't match image D:\tuc\Github\Thesis\Unity\Thesis_Results\Library\PackageCache\com.unity.visualscripting@1.7.3\Editor\VisualScripting.Core\Dependencies\DotNetZip\Unity.VisualScripting.IonicZip.dll
Native extension for WindowsStandalone target not found
Refreshing native plugins compatible for Editor in 0.72 ms, found 3 plugins.
Preloading 0 native plugins for Editor in 0.00 ms.
Mono: successfully reloaded assembly
- Completed reload, in  1.545 seconds
Domain Reload Profiling:
	ReloadAssembly (1545ms)
		BeginReloadAssembly (200ms)
			ExecutionOrderSort (0ms)
			DisableScriptedObjects (6ms)
			BackupInstance (0ms)
			ReleaseScriptingObjects (0ms)
			CreateAndSetChildDomain (53ms)
		EndReloadAssembly (1192ms)
			LoadAssemblies (121ms)
			RebuildTransferFunctionScriptingTraits (0ms)
			SetupTypeCache (316ms)
				TypeCache.Initialize (311ms)
					TypeCache.ScanAssembly (303ms)
				ResolveRequiredComponents (5ms)
			ReleaseScriptCaches (2ms)
			RebuildScriptCaches (70ms)
			SetupLoadedEditorAssemblies (618ms)
				LogAssemblyErrors (0ms)
				InitializePlatformSupportModulesInManaged (21ms)
				SetLoadedEditorAssemblies (11ms)
				RefreshPlugins (1ms)
				BeforeProcessingInitializeOnLoad (107ms)
				ProcessInitializeOnLoadAttributes (439ms)
				ProcessInitializeOnLoadMethodAttributes (22ms)
				AfterProcessingInitializeOnLoad (16ms)
				EditorAssembliesLoaded (0ms)
			ExecutionOrderSort2 (0ms)
			AwakeInstancesAfterBackupRestoration (16ms)
Platform modules already initialized, skipping
Refreshing native plugins compatible for Editor in 0.90 ms, found 3 plugins.
Preloading 0 native plugins for Editor in 0.00 ms.
Unloading 2987 Unused Serialized files (Serialized files now loaded: 0)
Unloading 18 unused Assets / (26.1 KB). Loaded Objects now: 3589.
Memory consumption went from 129.5 MB to 129.5 MB.
Total: 4.599400 ms (FindLiveObjects: 0.294600 ms CreateObjectMapping: 0.191300 ms MarkObjects: 4.062800 ms  DeleteObjects: 0.049200 ms)

AssetImportParameters requested are different than current active one (requested -> active):
  custom:video-decoder-ogg-theora: a1e56fd34408186e4bbccfd4996cb3dc -> 
  custom:container-muxer-webm: aa71ff27fc2769a1b78a27578f13a17b -> 
  custom:container-demuxer-webm: 4f35f7cbe854078d1ac9338744f61a02 -> 
  custom:video-encoder-webm-vp8: eb34c28f22e8b96e1ab97ce403110664 -> 
  custom:audio-encoder-webm-vorbis: bf7c407c2cedff20999df2af8eb42d56 -> 
  custom:framework-win-MediaFoundation: 216162199b28c13a410421893ffa2e32 -> 
  custom:container-demuxer-ogg: 62fdf1f143b41e24485cea50d1cbac27 -> 
  custom:video-decoder-webm-vp8: 9c59270c3fd7afecdb556c50c9e8de78 -> 
  custom:audio-decoder-ogg-vorbis: bf7c407c2cedff20999df2af8eb42d56 -> 
========================================================================
Received Import Request.
  Time since last request: 583.277963 seconds.
  path: Assets/Scripts/Collider.cs
  artifactKey: Guid(536e315b341539b49ad05d2f89c8bf1b) Importer(815301076,1909f56bfc062723c751e8b465ee728b)
Start importing Assets/Scripts/Collider.cs using Guid(536e315b341539b49ad05d2f89c8bf1b) Importer(815301076,1909f56bfc062723c751e8b465ee728b)  -> (artifact id: 'a7eb455df4d2cddfb96b7285b183d16e') in 0.016454 seconds 
========================================================================
Received Prepare
Registering precompiled user dll's ...
Registered in 0.011595 seconds.
Begin MonoManager ReloadAssembly
Symbol file LoadedFromMemory doesn't match image D:\tuc\Github\Thesis\Unity\Thesis_Results\Library\PackageCache\com.unity.visualscripting@1.7.3\Editor\VisualScripting.Core\Dependencies\YamlDotNet\Unity.VisualScripting.YamlDotNet.dll
Symbol file LoadedFromMemory doesn't match image D:\tuc\Github\Thesis\Unity\Thesis_Results\Library\PackageCache\com.unity.visualscripting@1.7.3\Editor\VisualScripting.Core\Dependencies\DotNetZip\Unity.VisualScripting.IonicZip.dll
Native extension for WindowsStandalone target not found
Refreshing native plugins compatible for Editor in 1.17 ms, found 3 plugins.
Preloading 0 native plugins for Editor in 0.00 ms.
Mono: successfully reloaded assembly
- Completed reload, in  1.846 seconds
Domain Reload Profiling:
	ReloadAssembly (1847ms)
		BeginReloadAssembly (240ms)
			ExecutionOrderSort (0ms)
			DisableScriptedObjects (14ms)
			BackupInstance (0ms)
			ReleaseScriptingObjects (0ms)
			CreateAndSetChildDomain (51ms)
		EndReloadAssembly (1432ms)
			LoadAssemblies (156ms)
			RebuildTransferFunctionScriptingTraits (0ms)
			SetupTypeCache (382ms)
				TypeCache.Initialize (372ms)
					TypeCache.ScanAssembly (365ms)
				ResolveRequiredComponents (9ms)
			ReleaseScriptCaches (2ms)
			RebuildScriptCaches (88ms)
			SetupLoadedEditorAssemblies (738ms)
				LogAssemblyErrors (0ms)
				InitializePlatformSupportModulesInManaged (28ms)
				SetLoadedEditorAssemblies (12ms)
				RefreshPlugins (1ms)
				BeforeProcessingInitializeOnLoad (121ms)
				ProcessInitializeOnLoadAttributes (528ms)
				ProcessInitializeOnLoadMethodAttributes (27ms)
				AfterProcessingInitializeOnLoad (20ms)
				EditorAssembliesLoaded (0ms)
			ExecutionOrderSort2 (0ms)
			AwakeInstancesAfterBackupRestoration (19ms)
Platform modules already initialized, skipping
Refreshing native plugins compatible for Editor in 0.67 ms, found 3 plugins.
Preloading 0 native plugins for Editor in 0.00 ms.
Unloading 2987 Unused Serialized files (Serialized files now loaded: 0)
Unloading 17 unused Assets / (24.6 KB). Loaded Objects now: 3591.
Memory consumption went from 129.5 MB to 129.5 MB.
Total: 3.166100 ms (FindLiveObjects: 0.298800 ms CreateObjectMapping: 0.198700 ms MarkObjects: 2.630800 ms  DeleteObjects: 0.037000 ms)

AssetImportParameters requested are different than current active one (requested -> active):
  custom:video-decoder-ogg-theora: a1e56fd34408186e4bbccfd4996cb3dc -> 
  custom:container-muxer-webm: aa71ff27fc2769a1b78a27578f13a17b -> 
  custom:container-demuxer-webm: 4f35f7cbe854078d1ac9338744f61a02 -> 
  custom:video-encoder-webm-vp8: eb34c28f22e8b96e1ab97ce403110664 -> 
  custom:audio-encoder-webm-vorbis: bf7c407c2cedff20999df2af8eb42d56 -> 
  custom:framework-win-MediaFoundation: 216162199b28c13a410421893ffa2e32 -> 
  custom:container-demuxer-ogg: 62fdf1f143b41e24485cea50d1cbac27 -> 
  custom:video-decoder-webm-vp8: 9c59270c3fd7afecdb556c50c9e8de78 -> 
  custom:audio-decoder-ogg-vorbis: bf7c407c2cedff20999df2af8eb42d56 -> 
========================================================================
Received Prepare
Registering precompiled user dll's ...
Registered in 0.009665 seconds.
Begin MonoManager ReloadAssembly
Symbol file LoadedFromMemory doesn't match image D:\tuc\Github\Thesis\Unity\Thesis_Results\Library\PackageCache\com.unity.visualscripting@1.7.3\Editor\VisualScripting.Core\Dependencies\YamlDotNet\Unity.VisualScripting.YamlDotNet.dll
Symbol file LoadedFromMemory doesn't match image D:\tuc\Github\Thesis\Unity\Thesis_Results\Library\PackageCache\com.unity.visualscripting@1.7.3\Editor\VisualScripting.Core\Dependencies\DotNetZip\Unity.VisualScripting.IonicZip.dll
Native extension for WindowsStandalone target not found
Refreshing native plugins compatible for Editor in 0.80 ms, found 3 plugins.
Preloading 0 native plugins for Editor in 0.00 ms.
Mono: successfully reloaded assembly
- Completed reload, in  1.685 seconds
Domain Reload Profiling:
	ReloadAssembly (1686ms)
		BeginReloadAssembly (217ms)
			ExecutionOrderSort (0ms)
			DisableScriptedObjects (10ms)
			BackupInstance (0ms)
			ReleaseScriptingObjects (0ms)
			CreateAndSetChildDomain (51ms)
		EndReloadAssembly (1286ms)
			LoadAssemblies (149ms)
			RebuildTransferFunctionScriptingTraits (0ms)
			SetupTypeCache (368ms)
				TypeCache.Initialize (359ms)
					TypeCache.ScanAssembly (349ms)
				ResolveRequiredComponents (10ms)
			ReleaseScriptCaches (2ms)
			RebuildScriptCaches (81ms)
			SetupLoadedEditorAssemblies (611ms)
				LogAssemblyErrors (0ms)
				InitializePlatformSupportModulesInManaged (25ms)
				SetLoadedEditorAssemblies (10ms)
				RefreshPlugins (1ms)
				BeforeProcessingInitializeOnLoad (102ms)
				ProcessInitializeOnLoadAttributes (430ms)
				ProcessInitializeOnLoadMethodAttributes (25ms)
				AfterProcessingInitializeOnLoad (17ms)
				EditorAssembliesLoaded (0ms)
			ExecutionOrderSort2 (0ms)
			AwakeInstancesAfterBackupRestoration (17ms)
Platform modules already initialized, skipping
Refreshing native plugins compatible for Editor in 1.19 ms, found 3 plugins.
Preloading 0 native plugins for Editor in 0.00 ms.
Unloading 2987 Unused Serialized files (Serialized files now loaded: 0)
Unloading 17 unused Assets / (24.6 KB). Loaded Objects now: 3593.
Memory consumption went from 129.5 MB to 129.5 MB.
Total: 3.153800 ms (FindLiveObjects: 0.338600 ms CreateObjectMapping: 0.198800 ms MarkObjects: 2.592100 ms  DeleteObjects: 0.023200 ms)

AssetImportParameters requested are different than current active one (requested -> active):
  custom:video-decoder-ogg-theora: a1e56fd34408186e4bbccfd4996cb3dc -> 
  custom:container-muxer-webm: aa71ff27fc2769a1b78a27578f13a17b -> 
  custom:container-demuxer-webm: 4f35f7cbe854078d1ac9338744f61a02 -> 
  custom:video-encoder-webm-vp8: eb34c28f22e8b96e1ab97ce403110664 -> 
  custom:audio-encoder-webm-vorbis: bf7c407c2cedff20999df2af8eb42d56 -> 
  custom:framework-win-MediaFoundation: 216162199b28c13a410421893ffa2e32 -> 
  custom:container-demuxer-ogg: 62fdf1f143b41e24485cea50d1cbac27 -> 
  custom:video-decoder-webm-vp8: 9c59270c3fd7afecdb556c50c9e8de78 -> 
  custom:audio-decoder-ogg-vorbis: bf7c407c2cedff20999df2af8eb42d56 -> 
========================================================================
Received Prepare
Registering precompiled user dll's ...
Registered in 0.014885 seconds.
Begin MonoManager ReloadAssembly
Symbol file LoadedFromMemory doesn't match image D:\tuc\Github\Thesis\Unity\Thesis_Results\Library\PackageCache\com.unity.visualscripting@1.7.3\Editor\VisualScripting.Core\Dependencies\YamlDotNet\Unity.VisualScripting.YamlDotNet.dll
Symbol file LoadedFromMemory doesn't match image D:\tuc\Github\Thesis\Unity\Thesis_Results\Library\PackageCache\com.unity.visualscripting@1.7.3\Editor\VisualScripting.Core\Dependencies\DotNetZip\Unity.VisualScripting.IonicZip.dll
Native extension for WindowsStandalone target not found
Refreshing native plugins compatible for Editor in 0.97 ms, found 3 plugins.
Preloading 0 native plugins for Editor in 0.00 ms.
Mono: successfully reloaded assembly
- Completed reload, in  1.661 seconds
Domain Reload Profiling:
	ReloadAssembly (1662ms)
		BeginReloadAssembly (191ms)
			ExecutionOrderSort (0ms)
			DisableScriptedObjects (9ms)
			BackupInstance (0ms)
			ReleaseScriptingObjects (0ms)
			CreateAndSetChildDomain (42ms)
		EndReloadAssembly (1313ms)
			LoadAssemblies (135ms)
			RebuildTransferFunctionScriptingTraits (0ms)
			SetupTypeCache (341ms)
				TypeCache.Initialize (335ms)
					TypeCache.ScanAssembly (327ms)
				ResolveRequiredComponents (7ms)
			ReleaseScriptCaches (2ms)
			RebuildScriptCaches (88ms)
			SetupLoadedEditorAssemblies (662ms)
				LogAssemblyErrors (0ms)
				InitializePlatformSupportModulesInManaged (28ms)
				SetLoadedEditorAssemblies (12ms)
				RefreshPlugins (1ms)
				BeforeProcessingInitializeOnLoad (125ms)
				ProcessInitializeOnLoadAttributes (455ms)
				ProcessInitializeOnLoadMethodAttributes (24ms)
				AfterProcessingInitializeOnLoad (17ms)
				EditorAssembliesLoaded (0ms)
			ExecutionOrderSort2 (0ms)
			AwakeInstancesAfterBackupRestoration (22ms)
Platform modules already initialized, skipping
Refreshing native plugins compatible for Editor in 1.15 ms, found 3 plugins.
Preloading 0 native plugins for Editor in 0.00 ms.
Unloading 2988 Unused Serialized files (Serialized files now loaded: 0)
Unloading 17 unused Assets / (24.7 KB). Loaded Objects now: 3596.
Memory consumption went from 129.6 MB to 129.5 MB.
Total: 3.470600 ms (FindLiveObjects: 0.302000 ms CreateObjectMapping: 0.213900 ms MarkObjects: 2.925400 ms  DeleteObjects: 0.027700 ms)

AssetImportParameters requested are different than current active one (requested -> active):
  custom:video-decoder-ogg-theora: a1e56fd34408186e4bbccfd4996cb3dc -> 
  custom:container-muxer-webm: aa71ff27fc2769a1b78a27578f13a17b -> 
  custom:container-demuxer-webm: 4f35f7cbe854078d1ac9338744f61a02 -> 
  custom:video-encoder-webm-vp8: eb34c28f22e8b96e1ab97ce403110664 -> 
  custom:audio-encoder-webm-vorbis: bf7c407c2cedff20999df2af8eb42d56 -> 
  custom:framework-win-MediaFoundation: 216162199b28c13a410421893ffa2e32 -> 
  custom:container-demuxer-ogg: 62fdf1f143b41e24485cea50d1cbac27 -> 
  custom:video-decoder-webm-vp8: 9c59270c3fd7afecdb556c50c9e8de78 -> 
  custom:audio-decoder-ogg-vorbis: bf7c407c2cedff20999df2af8eb42d56 -> 
========================================================================
Received Prepare
Registering precompiled user dll's ...
Registered in 0.010693 seconds.
Begin MonoManager ReloadAssembly
Symbol file LoadedFromMemory doesn't match image D:\tuc\Github\Thesis\Unity\Thesis_Results\Library\PackageCache\com.unity.visualscripting@1.7.6\Editor\VisualScripting.Core\Dependencies\YamlDotNet\Unity.VisualScripting.YamlDotNet.dll
Symbol file LoadedFromMemory doesn't match image D:\tuc\Github\Thesis\Unity\Thesis_Results\Library\PackageCache\com.unity.visualscripting@1.7.6\Editor\VisualScripting.Core\Dependencies\DotNetZip\Unity.VisualScripting.IonicZip.dll
Native extension for WindowsStandalone target not found
Refreshing native plugins compatible for Editor in 0.69 ms, found 3 plugins.
Preloading 0 native plugins for Editor in 0.00 ms.
Mono: successfully reloaded assembly
- Completed reload, in  1.526 seconds
Domain Reload Profiling:
	ReloadAssembly (1527ms)
		BeginReloadAssembly (200ms)
			ExecutionOrderSort (0ms)
			DisableScriptedObjects (8ms)
			BackupInstance (0ms)
			ReleaseScriptingObjects (0ms)
			CreateAndSetChildDomain (47ms)
		EndReloadAssembly (1171ms)
			LoadAssemblies (142ms)
			RebuildTransferFunctionScriptingTraits (0ms)
			SetupTypeCache (364ms)
				TypeCache.Initialize (358ms)
					TypeCache.ScanAssembly (353ms)
				ResolveRequiredComponents (6ms)
			ReleaseScriptCaches (1ms)
			RebuildScriptCaches (60ms)
			SetupLoadedEditorAssemblies (557ms)
				LogAssemblyErrors (0ms)
				InitializePlatformSupportModulesInManaged (17ms)
				SetLoadedEditorAssemblies (8ms)
				RefreshPlugins (1ms)
				BeforeProcessingInitializeOnLoad (82ms)
				ProcessInitializeOnLoadAttributes (408ms)
				ProcessInitializeOnLoadMethodAttributes (22ms)
				AfterProcessingInitializeOnLoad (20ms)
				EditorAssembliesLoaded (0ms)
			ExecutionOrderSort2 (0ms)
			AwakeInstancesAfterBackupRestoration (24ms)
Platform modules already initialized, skipping
Refreshing native plugins compatible for Editor in 0.85 ms, found 3 plugins.
Preloading 0 native plugins for Editor in 0.00 ms.
Unloading 2989 Unused Serialized files (Serialized files now loaded: 0)
Unloading 17 unused Assets / (24.6 KB). Loaded Objects now: 3602.
Memory consumption went from 129.6 MB to 129.6 MB.
Total: 4.910600 ms (FindLiveObjects: 0.348000 ms CreateObjectMapping: 0.253700 ms MarkObjects: 4.276700 ms  DeleteObjects: 0.030800 ms)

AssetImportParameters requested are different than current active one (requested -> active):
  custom:video-decoder-ogg-theora: a1e56fd34408186e4bbccfd4996cb3dc -> 
  custom:container-muxer-webm: aa71ff27fc2769a1b78a27578f13a17b -> 
  custom:container-demuxer-webm: 4f35f7cbe854078d1ac9338744f61a02 -> 
  custom:video-encoder-webm-vp8: eb34c28f22e8b96e1ab97ce403110664 -> 
  custom:audio-encoder-webm-vorbis: bf7c407c2cedff20999df2af8eb42d56 -> 
  custom:framework-win-MediaFoundation: 216162199b28c13a410421893ffa2e32 -> 
  custom:container-demuxer-ogg: 62fdf1f143b41e24485cea50d1cbac27 -> 
  custom:video-decoder-webm-vp8: 9c59270c3fd7afecdb556c50c9e8de78 -> 
  custom:audio-decoder-ogg-vorbis: bf7c407c2cedff20999df2af8eb42d56 -> 
========================================================================
Received Import Request.
  Time since last request: 2191.314032 seconds.
  path: Assets/AssetStore/POLYGON city pack/Meshes,textures/Buildings_FBX/Build_G-Left.fbx
  artifactKey: Guid(304125dc564333d4598543ef0fa739ef) Importer(815301076,1909f56bfc062723c751e8b465ee728b)
Start importing Assets/AssetStore/POLYGON city pack/Meshes,textures/Buildings_FBX/Build_G-Left.fbx using Guid(304125dc564333d4598543ef0fa739ef) Importer(815301076,1909f56bfc062723c751e8b465ee728b)  -> (artifact id: 'dae16b70458f29235bd84d4b02b04861') in 0.345807 seconds 
========================================================================
Received Import Request.
  Time since last request: 0.000035 seconds.
  path: Assets/AssetStore/POLYGON city pack/Meshes,textures/Buildings_FBX/Building_Q.fbx
  artifactKey: Guid(ae99bed506348de4d83879e6cc70874e) Importer(815301076,1909f56bfc062723c751e8b465ee728b)
Start importing Assets/AssetStore/POLYGON city pack/Meshes,textures/Buildings_FBX/Building_Q.fbx using Guid(ae99bed506348de4d83879e6cc70874e) Importer(815301076,1909f56bfc062723c751e8b465ee728b)  -> (artifact id: '61aee4d109a8b8ffb8a7776b249392ac') in 0.084073 seconds 
========================================================================
Received Import Request.
  Time since last request: 0.000032 seconds.
  path: Assets/AssetStore/POLYGON city pack/Meshes,textures/Buildings_FBX/Build_G-Middle.fbx
  artifactKey: Guid(883203dc2a015234fad00299c603aaf6) Importer(815301076,1909f56bfc062723c751e8b465ee728b)
Start importing Assets/AssetStore/POLYGON city pack/Meshes,textures/Buildings_FBX/Build_G-Middle.fbx using Guid(883203dc2a015234fad00299c603aaf6) Importer(815301076,1909f56bfc062723c751e8b465ee728b)  -> (artifact id: '18a277c5b2c584be8db1098b05080e33') in 0.063116 seconds 
========================================================================
Received Import Request.
  Time since last request: 0.000022 seconds.
  path: Assets/AssetStore/POLYGON city pack/Meshes,textures/Buildings_FBX/Building_c.fbx
  artifactKey: Guid(a0028d3f7d4817641a9717e662aec378) Importer(815301076,1909f56bfc062723c751e8b465ee728b)
Start importing Assets/AssetStore/POLYGON city pack/Meshes,textures/Buildings_FBX/Building_c.fbx using Guid(a0028d3f7d4817641a9717e662aec378) Importer(815301076,1909f56bfc062723c751e8b465ee728b)  -> (artifact id: '1d3bba8f603c88999c8d601d1cceb376') in 0.120474 seconds 
========================================================================
Received Import Request.
  Time since last request: 0.000025 seconds.
  path: Assets/AssetStore/POLYGON city pack/Meshes,textures/Buildings_FBX/Building_V.fbx
  artifactKey: Guid(558bbea23f640ae4192711124ba66db2) Importer(815301076,1909f56bfc062723c751e8b465ee728b)
Start importing Assets/AssetStore/POLYGON city pack/Meshes,textures/Buildings_FBX/Building_V.fbx using Guid(558bbea23f640ae4192711124ba66db2) Importer(815301076,1909f56bfc062723c751e8b465ee728b)  -> (artifact id: 'ee9171a1896119c23282b54ac62ea694') in 0.149004 seconds 
========================================================================
Received Import Request.
  Time since last request: 0.000032 seconds.
  path: Assets/AssetStore/POLYGON city pack/Meshes,textures/Buildings_FBX/Building_D1.png
  artifactKey: Guid(03ddf15dc911409408ff074ec0bb199a) Importer(815301076,1909f56bfc062723c751e8b465ee728b)
Start importing Assets/AssetStore/POLYGON city pack/Meshes,textures/Buildings_FBX/Building_D1.png using Guid(03ddf15dc911409408ff074ec0bb199a) Importer(815301076,1909f56bfc062723c751e8b465ee728b)  -> (artifact id: '62b08077d370879461f14f2ca1e474a0') in 0.072392 seconds 
========================================================================
Received Import Request.
  Time since last request: 0.000036 seconds.
  path: Assets/AssetStore/POLYGON city pack/Meshes,textures/Buildings_FBX/Building_I_1.fbx
  artifactKey: Guid(a31ede3a68c1fc642a73d7ab6870b43e) Importer(815301076,1909f56bfc062723c751e8b465ee728b)
Start importing Assets/AssetStore/POLYGON city pack/Meshes,textures/Buildings_FBX/Building_I_1.fbx using Guid(a31ede3a68c1fc642a73d7ab6870b43e) Importer(815301076,1909f56bfc062723c751e8b465ee728b)  -> (artifact id: '3d05664ea00405e944af81c6dc3d4464') in 0.110566 seconds 
========================================================================
Received Import Request.
  Time since last request: 0.000037 seconds.
  path: Assets/AssetStore/POLYGON city pack/Meshes,textures/Buildings_FBX/Building_D.fbx
  artifactKey: Guid(f98ff50ea1b6a7140860381375972449) Importer(815301076,1909f56bfc062723c751e8b465ee728b)
Start importing Assets/AssetStore/POLYGON city pack/Meshes,textures/Buildings_FBX/Building_D.fbx using Guid(f98ff50ea1b6a7140860381375972449) Importer(815301076,1909f56bfc062723c751e8b465ee728b)  -> (artifact id: 'c32e2c36f95cc4d57c85769a95e35458') in 0.126208 seconds 
========================================================================
Received Import Request.
  Time since last request: 0.000040 seconds.
  path: Assets/AssetStore/POLYGON city pack/Meshes,textures/Buildings_FBX/Building_F.fbx
  artifactKey: Guid(1eff86bacbfcee04fae528f76228c44d) Importer(815301076,1909f56bfc062723c751e8b465ee728b)
Start importing Assets/AssetStore/POLYGON city pack/Meshes,textures/Buildings_FBX/Building_F.fbx using Guid(1eff86bacbfcee04fae528f76228c44d) Importer(815301076,1909f56bfc062723c751e8b465ee728b)  -> (artifact id: 'bd2b6888eeb385723d978164172a3548') in 0.071717 seconds 
========================================================================
Received Import Request.
  Time since last request: 0.000043 seconds.
  path: Assets/AssetStore/POLYGON city pack/Meshes,textures/Buildings_FBX/Building_C1.fbx
  artifactKey: Guid(aa2b0ff9d71916c4aa2e1d9699c459fc) Importer(815301076,1909f56bfc062723c751e8b465ee728b)
Start importing Assets/AssetStore/POLYGON city pack/Meshes,textures/Buildings_FBX/Building_C1.fbx using Guid(aa2b0ff9d71916c4aa2e1d9699c459fc) Importer(815301076,1909f56bfc062723c751e8b465ee728b)  -> (artifact id: '172809169971b55158d0b4cf0bf03ac6') in 0.179753 seconds 
========================================================================
Received Import Request.
  Time since last request: 0.000032 seconds.
  path: Assets/AssetStore/POLYGON city pack/Meshes,textures/Buildings_FBX/Building_I_3.fbx
  artifactKey: Guid(5f301a1810c24654091e4f8bcbff39c2) Importer(815301076,1909f56bfc062723c751e8b465ee728b)
Start importing Assets/AssetStore/POLYGON city pack/Meshes,textures/Buildings_FBX/Building_I_3.fbx using Guid(5f301a1810c24654091e4f8bcbff39c2) Importer(815301076,1909f56bfc062723c751e8b465ee728b)  -> (artifact id: '1b87430df3ec9fb7e31f5e7a821159a1') in 0.120446 seconds 
========================================================================
Received Import Request.
  Time since last request: 0.000040 seconds.
  path: Assets/AssetStore/POLYGON city pack/Meshes,textures/Buildings_FBX/Building_A.fbx
  artifactKey: Guid(bbee6f5e04c54854dba4ea612e4d83c5) Importer(815301076,1909f56bfc062723c751e8b465ee728b)
Start importing Assets/AssetStore/POLYGON city pack/Meshes,textures/Buildings_FBX/Building_A.fbx using Guid(bbee6f5e04c54854dba4ea612e4d83c5) Importer(815301076,1909f56bfc062723c751e8b465ee728b)  -> (artifact id: 'cdda5359d417a5f64d0f3c1c7eb8b83b') in 0.145696 seconds 
========================================================================
Received Import Request.
  Time since last request: 0.000037 seconds.
  path: Assets/AssetStore/POLYGON city pack/Meshes,textures/Buildings_FBX/Building_W.fbx
  artifactKey: Guid(ee171171cf1e6bc46a3aa94123b229cc) Importer(815301076,1909f56bfc062723c751e8b465ee728b)
Start importing Assets/AssetStore/POLYGON city pack/Meshes,textures/Buildings_FBX/Building_W.fbx using Guid(ee171171cf1e6bc46a3aa94123b229cc) Importer(815301076,1909f56bfc062723c751e8b465ee728b)  -> (artifact id: 'ce61e1bf1ca31b46fc4a22085c1922f6') in 0.079386 seconds 
========================================================================
Received Import Request.
  Time since last request: 0.000022 seconds.
  path: Assets/AssetStore/POLYGON city pack/Meshes,textures/Buildings_FBX/Building_A1.fbx
  artifactKey: Guid(e48ed78ee18a85b4ab1b16c0f67824b5) Importer(815301076,1909f56bfc062723c751e8b465ee728b)
Start importing Assets/AssetStore/POLYGON city pack/Meshes,textures/Buildings_FBX/Building_A1.fbx using Guid(e48ed78ee18a85b4ab1b16c0f67824b5) Importer(815301076,1909f56bfc062723c751e8b465ee728b)  -> (artifact id: '96b5f94038c694134265c18b8a6a9c51') in 0.120903 seconds 
========================================================================
Received Import Request.
  Time since last request: 0.000032 seconds.
  path: Assets/AssetStore/POLYGON city pack/Meshes,textures/Buildings_FBX/Building_N.fbx
  artifactKey: Guid(55ca7edad2f1e3b40b4dc5801b9f454b) Importer(815301076,1909f56bfc062723c751e8b465ee728b)
Start importing Assets/AssetStore/POLYGON city pack/Meshes,textures/Buildings_FBX/Building_N.fbx using Guid(55ca7edad2f1e3b40b4dc5801b9f454b) Importer(815301076,1909f56bfc062723c751e8b465ee728b)  -> (artifact id: '035dc885fcd95eac7d9c5e04a085dcfa') in 0.070671 seconds 
========================================================================
Received Import Request.
  Time since last request: 0.000040 seconds.
  path: Assets/AssetStore/POLYGON city pack/Meshes,textures/Buildings_FBX/Building_B1.fbx
  artifactKey: Guid(58dc609a263a7af4990b33b3be735e9a) Importer(815301076,1909f56bfc062723c751e8b465ee728b)
Start importing Assets/AssetStore/POLYGON city pack/Meshes,textures/Buildings_FBX/Building_B1.fbx using Guid(58dc609a263a7af4990b33b3be735e9a) Importer(815301076,1909f56bfc062723c751e8b465ee728b)  -> (artifact id: '0aeb1ba34003ad075e16f6796c1d4406') in 0.146061 seconds 
========================================================================
Received Import Request.
  Time since last request: 0.000034 seconds.
  path: Assets/AssetStore/POLYGON city pack/Meshes,textures/Buildings_FBX/Building_K.fbx
  artifactKey: Guid(61009ff9965767047ac1770abfb3355f) Importer(815301076,1909f56bfc062723c751e8b465ee728b)
Start importing Assets/AssetStore/POLYGON city pack/Meshes,textures/Buildings_FBX/Building_K.fbx using Guid(61009ff9965767047ac1770abfb3355f) Importer(815301076,1909f56bfc062723c751e8b465ee728b)  -> (artifact id: 'c3a31e1b83c5b5f801cc24a71bc6a831') in 0.114542 seconds 
========================================================================
Received Import Request.
  Time since last request: 5.789825 seconds.
  path: Assets/AssetStore/POLYGON city pack/Meshes,textures/props_FBX/air conditioner roof.fbx
  artifactKey: Guid(06b852202e5e751499c5616a4fa78d6d) Importer(815301076,1909f56bfc062723c751e8b465ee728b)
Start importing Assets/AssetStore/POLYGON city pack/Meshes,textures/props_FBX/air conditioner roof.fbx using Guid(06b852202e5e751499c5616a4fa78d6d) Importer(815301076,1909f56bfc062723c751e8b465ee728b)  -> (artifact id: 'b71e27f043d19b4f557e99ddb2099bed') in 0.034956 seconds 
========================================================================
Received Import Request.
  Time since last request: 0.000027 seconds.
  path: Assets/AssetStore/POLYGON city pack/Meshes,textures/props_FBX/bush 2.png
  artifactKey: Guid(bc8acc0684df1584a8c0857eb4114642) Importer(815301076,1909f56bfc062723c751e8b465ee728b)
Start importing Assets/AssetStore/POLYGON city pack/Meshes,textures/props_FBX/bush 2.png using Guid(bc8acc0684df1584a8c0857eb4114642) Importer(815301076,1909f56bfc062723c751e8b465ee728b)  -> (artifact id: '03e62b283c68b3ca4ebedc3ac08d48bb') in 0.035018 seconds 
========================================================================
Received Import Request.
  Time since last request: 0.000047 seconds.
  path: Assets/AssetStore/POLYGON city pack/Meshes,textures/props_FBX/BurgerShop_sign.png
  artifactKey: Guid(bb5cfbdd0a8fb8c4ebffa31636a05046) Importer(815301076,1909f56bfc062723c751e8b465ee728b)
Start importing Assets/AssetStore/POLYGON city pack/Meshes,textures/props_FBX/BurgerShop_sign.png using Guid(bb5cfbdd0a8fb8c4ebffa31636a05046) Importer(815301076,1909f56bfc062723c751e8b465ee728b)  -> (artifact id: '3ca16cfa98178fb9c7513fb00b5c1bf6') in 0.128085 seconds 
========================================================================
Received Import Request.
  Time since last request: 0.000025 seconds.
  path: Assets/AssetStore/POLYGON city pack/Meshes,textures/props_FBX/big trash bin texture.png
  artifactKey: Guid(cb629d531f414f64288cca236d43f674) Importer(815301076,1909f56bfc062723c751e8b465ee728b)
Start importing Assets/AssetStore/POLYGON city pack/Meshes,textures/props_FBX/big trash bin texture.png using Guid(cb629d531f414f64288cca236d43f674) Importer(815301076,1909f56bfc062723c751e8b465ee728b)  -> (artifact id: '3b41322e76db589bab35c860ce671b16') in 0.075268 seconds 
========================================================================
Received Import Request.
  Time since last request: 0.000041 seconds.
  path: Assets/AssetStore/POLYGON city pack/Meshes,textures/props_FBX/burger.fbx
  artifactKey: Guid(efaf08b4a23add84781396e3ef4bdaae) Importer(815301076,1909f56bfc062723c751e8b465ee728b)
Start importing Assets/AssetStore/POLYGON city pack/Meshes,textures/props_FBX/burger.fbx using Guid(efaf08b4a23add84781396e3ef4bdaae) Importer(815301076,1909f56bfc062723c751e8b465ee728b)  -> (artifact id: 'da3be4f94efe27d2a17a4052bb894f96') in 0.068749 seconds 
========================================================================
Received Import Request.
  Time since last request: 0.000023 seconds.
  path: Assets/AssetStore/POLYGON city pack/Meshes,textures/props_FBX/bus stop pole texture 1.png
  artifactKey: Guid(d44a52891cea8d74b9d897dee320c982) Importer(815301076,1909f56bfc062723c751e8b465ee728b)
Start importing Assets/AssetStore/POLYGON city pack/Meshes,textures/props_FBX/bus stop pole texture 1.png using Guid(d44a52891cea8d74b9d897dee320c982) Importer(815301076,1909f56bfc062723c751e8b465ee728b)  -> (artifact id: 'db3f56e267ab191e3fac6b585c4cbe07') in 0.037994 seconds 
========================================================================
Received Import Request.
  Time since last request: 0.000035 seconds.
  path: Assets/AssetStore/POLYGON city pack/Meshes,textures/props_FBX/bench.fbx
  artifactKey: Guid(2c2a46e9474367f42af1fdbfcc3c2434) Importer(815301076,1909f56bfc062723c751e8b465ee728b)
Start importing Assets/AssetStore/POLYGON city pack/Meshes,textures/props_FBX/bench.fbx using Guid(2c2a46e9474367f42af1fdbfcc3c2434) Importer(815301076,1909f56bfc062723c751e8b465ee728b)  -> (artifact id: '7b731d334d59364e1100e7ff7ef6068f') in 0.034140 seconds 
========================================================================
Received Import Request.
  Time since last request: 0.000029 seconds.
  path: Assets/AssetStore/POLYGON city pack/Meshes,textures/props_FBX/Big_trash_bin.fbx
  artifactKey: Guid(221422f7266ae3249b686bbfb5989c70) Importer(815301076,1909f56bfc062723c751e8b465ee728b)
Start importing Assets/AssetStore/POLYGON city pack/Meshes,textures/props_FBX/Big_trash_bin.fbx using Guid(221422f7266ae3249b686bbfb5989c70) Importer(815301076,1909f56bfc062723c751e8b465ee728b)  -> (artifact id: 'fc2f0ec948c19eb9d9cee7a4202fa20a') in 0.103013 seconds 
========================================================================
Received Import Request.
  Time since last request: 0.000030 seconds.
  path: Assets/AssetStore/POLYGON city pack/Meshes,textures/props_FBX/can cola 2.png
  artifactKey: Guid(72e1129b490397047a42f1a126238470) Importer(815301076,1909f56bfc062723c751e8b465ee728b)
Start importing Assets/AssetStore/POLYGON city pack/Meshes,textures/props_FBX/can cola 2.png using Guid(72e1129b490397047a42f1a126238470) Importer(815301076,1909f56bfc062723c751e8b465ee728b)  -> (artifact id: 'b2b196df3240c2edcbf785843f8e1c4d') in 0.094257 seconds 
========================================================================
Received Import Request.
  Time since last request: 0.000040 seconds.
  path: Assets/AssetStore/POLYGON city pack/Meshes,textures/props_FBX/air conditioner wall.fbx
  artifactKey: Guid(ae9812275f0412b4c9f838a2e16f8f83) Importer(815301076,1909f56bfc062723c751e8b465ee728b)
Start importing Assets/AssetStore/POLYGON city pack/Meshes,textures/props_FBX/air conditioner wall.fbx using Guid(ae9812275f0412b4c9f838a2e16f8f83) Importer(815301076,1909f56bfc062723c751e8b465ee728b)  -> (artifact id: '592d62c0bfec2177c3ff183bfe83d568') in 0.060166 seconds 
========================================================================
Received Import Request.
  Time since last request: 0.000027 seconds.
  path: Assets/AssetStore/POLYGON city pack/Meshes,textures/props_FBX/ATM texture.png
  artifactKey: Guid(0adf9e72f6db90e4e9240239ed1ba57f) Importer(815301076,1909f56bfc062723c751e8b465ee728b)
Start importing Assets/AssetStore/POLYGON city pack/Meshes,textures/props_FBX/ATM texture.png using Guid(0adf9e72f6db90e4e9240239ed1ba57f) Importer(815301076,1909f56bfc062723c751e8b465ee728b)  -> (artifact id: '9442b2e960e7527ba7f97a11a5530168') in 0.069454 seconds 
========================================================================
Received Import Request.
  Time since last request: 0.000027 seconds.
  path: Assets/AssetStore/POLYGON city pack/Meshes,textures/props_FBX/bus stop sign texture 1.png
  artifactKey: Guid(8c4a916e93a439b4c8becf84d7a10869) Importer(815301076,1909f56bfc062723c751e8b465ee728b)
Start importing Assets/AssetStore/POLYGON city pack/Meshes,textures/props_FBX/bus stop sign texture 1.png using Guid(8c4a916e93a439b4c8becf84d7a10869) Importer(815301076,1909f56bfc062723c751e8b465ee728b)  -> (artifact id: '724c081e2408ab48b2b7d0e9718b670d') in 0.056876 seconds 
========================================================================
Received Import Request.
  Time since last request: 0.000043 seconds.
  path: Assets/AssetStore/POLYGON city pack/Meshes,textures/props_FBX/air conditioner roof.png
  artifactKey: Guid(3d103ca190f8b1f43ba15dda71097d0a) Importer(815301076,1909f56bfc062723c751e8b465ee728b)
Start importing Assets/AssetStore/POLYGON city pack/Meshes,textures/props_FBX/air conditioner roof.png using Guid(3d103ca190f8b1f43ba15dda71097d0a) Importer(815301076,1909f56bfc062723c751e8b465ee728b)  -> (artifact id: 'f958613192ca8af249b56228b14b44fa') in 0.028939 seconds 
========================================================================
Received Import Request.
  Time since last request: 0.000109 seconds.
  path: Assets/AssetStore/POLYGON city pack/Meshes,textures/props_FBX/bus stop texture.png
  artifactKey: Guid(29e47224d8f69094c8cd493e7ef446a6) Importer(815301076,1909f56bfc062723c751e8b465ee728b)
Start importing Assets/AssetStore/POLYGON city pack/Meshes,textures/props_FBX/bus stop texture.png using Guid(29e47224d8f69094c8cd493e7ef446a6) Importer(815301076,1909f56bfc062723c751e8b465ee728b)  -> (artifact id: '203585f06a8ad4613e41a93e5eacd72f') in 0.029214 seconds 
========================================================================
Received Import Request.
  Time since last request: 0.000033 seconds.
  path: Assets/AssetStore/POLYGON city pack/Meshes,textures/props_FBX/Bush 2.fbx
  artifactKey: Guid(e70bdd1c50a108e4c8a663076f0f9f98) Importer(815301076,1909f56bfc062723c751e8b465ee728b)
Start importing Assets/AssetStore/POLYGON city pack/Meshes,textures/props_FBX/Bush 2.fbx using Guid(e70bdd1c50a108e4c8a663076f0f9f98) Importer(815301076,1909f56bfc062723c751e8b465ee728b)  -> (artifact id: 'f857bde594f13e61621e85e50e013606') in 0.044352 seconds 
========================================================================
Received Import Request.
  Time since last request: 0.000023 seconds.
  path: Assets/AssetStore/POLYGON city pack/Meshes,textures/props_FBX/Can_Cola.png
  artifactKey: Guid(f955b0b2037cf4943b20459c86b316b9) Importer(815301076,1909f56bfc062723c751e8b465ee728b)
Start importing Assets/AssetStore/POLYGON city pack/Meshes,textures/props_FBX/Can_Cola.png using Guid(f955b0b2037cf4943b20459c86b316b9) Importer(815301076,1909f56bfc062723c751e8b465ee728b)  -> (artifact id: '061c153c29732bd3bd3bbf25c66a95ed') in 0.065266 seconds 
========================================================================
Received Import Request.
  Time since last request: 0.000030 seconds.
  path: Assets/AssetStore/POLYGON city pack/Meshes,textures/props_FBX/Can_Orange.png
  artifactKey: Guid(be8a2b335eef6be41b54677c1563a367) Importer(815301076,1909f56bfc062723c751e8b465ee728b)
Start importing Assets/AssetStore/POLYGON city pack/Meshes,textures/props_FBX/Can_Orange.png using Guid(be8a2b335eef6be41b54677c1563a367) Importer(815301076,1909f56bfc062723c751e8b465ee728b)  -> (artifact id: 'bccceeba43c2240a09939ef192a33801') in 0.061410 seconds 
========================================================================
Received Import Request.
  Time since last request: 0.128790 seconds.
  path: Assets/AssetStore/POLYGON city pack/Meshes,textures/props_FBX/drain 2.png
  artifactKey: Guid(beea5840393b99743a433b11898f5b18) Importer(815301076,1909f56bfc062723c751e8b465ee728b)
Start importing Assets/AssetStore/POLYGON city pack/Meshes,textures/props_FBX/drain 2.png using Guid(beea5840393b99743a433b11898f5b18) Importer(815301076,1909f56bfc062723c751e8b465ee728b)  -> (artifact id: 'a2d6093b2460b0e2d19fef89051cb939') in 0.053828 seconds 
========================================================================
Received Import Request.
  Time since last request: 0.000036 seconds.
  path: Assets/AssetStore/POLYGON city pack/Meshes,textures/props_FBX/Flower 1 yellow 1.png
  artifactKey: Guid(f1e2bc0c88dcb2b47b9191fc9d671dff) Importer(815301076,1909f56bfc062723c751e8b465ee728b)
Start importing Assets/AssetStore/POLYGON city pack/Meshes,textures/props_FBX/Flower 1 yellow 1.png using Guid(f1e2bc0c88dcb2b47b9191fc9d671dff) Importer(815301076,1909f56bfc062723c751e8b465ee728b)  -> (artifact id: '2b9e96fcde4b7f6bdf066cba14a4026f') in 0.091236 seconds 
========================================================================
Received Import Request.
  Time since last request: 0.000034 seconds.
  path: Assets/AssetStore/POLYGON city pack/Meshes,textures/props_FBX/fence 3 texture 1.png
  artifactKey: Guid(d7cdb093285c68e438496ba197a85005) Importer(815301076,1909f56bfc062723c751e8b465ee728b)
Start importing Assets/AssetStore/POLYGON city pack/Meshes,textures/props_FBX/fence 3 texture 1.png using Guid(d7cdb093285c68e438496ba197a85005) Importer(815301076,1909f56bfc062723c751e8b465ee728b)  -> (artifact id: '2610444603853a812a65f66f66c1f37a') in 0.036120 seconds 
========================================================================
Received Import Request.
  Time since last request: 0.000038 seconds.
  path: Assets/AssetStore/POLYGON city pack/Meshes,textures/props_FBX/Flower 1 purple mix 1.png
  artifactKey: Guid(ad6ea5a68d1b66f4faec6f50cd8d7b33) Importer(815301076,1909f56bfc062723c751e8b465ee728b)
Start importing Assets/AssetStore/POLYGON city pack/Meshes,textures/props_FBX/Flower 1 purple mix 1.png using Guid(ad6ea5a68d1b66f4faec6f50cd8d7b33) Importer(815301076,1909f56bfc062723c751e8b465ee728b)  -> (artifact id: '8e42b8ce29745bcec50762461522fff2') in 0.042009 seconds 
========================================================================
Received Import Request.
  Time since last request: 0.000029 seconds.
  path: Assets/AssetStore/POLYGON city pack/Meshes,textures/props_FBX/flower 3 texture 1.png
  artifactKey: Guid(d79642b217b676342aeda62b8d300328) Importer(815301076,1909f56bfc062723c751e8b465ee728b)
Start importing Assets/AssetStore/POLYGON city pack/Meshes,textures/props_FBX/flower 3 texture 1.png using Guid(d79642b217b676342aeda62b8d300328) Importer(815301076,1909f56bfc062723c751e8b465ee728b)  -> (artifact id: '9dab1c957bd6798cc5cd246541cef736') in 0.058172 seconds 
========================================================================
Received Import Request.
  Time since last request: 0.000031 seconds.
  path: Assets/AssetStore/POLYGON city pack/Meshes,textures/props_FBX/Flower 1 purple 1.png
  artifactKey: Guid(016ab324c35ce5e49bbbfa86d799ce52) Importer(815301076,1909f56bfc062723c751e8b465ee728b)
Start importing Assets/AssetStore/POLYGON city pack/Meshes,textures/props_FBX/Flower 1 purple 1.png using Guid(016ab324c35ce5e49bbbfa86d799ce52) Importer(815301076,1909f56bfc062723c751e8b465ee728b)  -> (artifact id: '7aa135ff5063cbaf922ed394416b1100') in 0.042463 seconds 
========================================================================
Received Import Request.
  Time since last request: 0.000031 seconds.
  path: Assets/AssetStore/POLYGON city pack/Meshes,textures/props_FBX/eletrcity box 1.png
  artifactKey: Guid(a4f9875c2001ed845a51d6f704d70c69) Importer(815301076,1909f56bfc062723c751e8b465ee728b)
Start importing Assets/AssetStore/POLYGON city pack/Meshes,textures/props_FBX/eletrcity box 1.png using Guid(a4f9875c2001ed845a51d6f704d70c69) Importer(815301076,1909f56bfc062723c751e8b465ee728b)  -> (artifact id: '93e437c588ea246ba4775d9a2756ed3a') in 0.035907 seconds 
========================================================================
Received Import Request.
  Time since last request: 0.000029 seconds.
  path: Assets/AssetStore/POLYGON city pack/Meshes,textures/props_FBX/Food_seller_texture.png
  artifactKey: Guid(b1545f59880bf844ab1e4171088d9853) Importer(815301076,1909f56bfc062723c751e8b465ee728b)
Start importing Assets/AssetStore/POLYGON city pack/Meshes,textures/props_FBX/Food_seller_texture.png using Guid(b1545f59880bf844ab1e4171088d9853) Importer(815301076,1909f56bfc062723c751e8b465ee728b)  -> (artifact id: '5cc1093a726b59ea06abdccef3a96e8b') in 0.069706 seconds 
========================================================================
Received Import Request.
  Time since last request: 0.000031 seconds.
  path: Assets/AssetStore/POLYGON city pack/Meshes,textures/props_FBX/Flower 1 red mix 1.png
  artifactKey: Guid(a9b624edc80506344b4364c85f135272) Importer(815301076,1909f56bfc062723c751e8b465ee728b)
Start importing Assets/AssetStore/POLYGON city pack/Meshes,textures/props_FBX/Flower 1 red mix 1.png using Guid(a9b624edc80506344b4364c85f135272) Importer(815301076,1909f56bfc062723c751e8b465ee728b)  -> (artifact id: '2be41d08bbff90ab01e9e1ecda1001ef') in 0.058906 seconds 
========================================================================
Received Import Request.
  Time since last request: 0.000028 seconds.
  path: Assets/AssetStore/POLYGON city pack/Meshes,textures/props_FBX/Glass cola.png
  artifactKey: Guid(8f128199af4062c49be793cbcf3d6b01) Importer(815301076,1909f56bfc062723c751e8b465ee728b)
Start importing Assets/AssetStore/POLYGON city pack/Meshes,textures/props_FBX/Glass cola.png using Guid(8f128199af4062c49be793cbcf3d6b01) Importer(815301076,1909f56bfc062723c751e8b465ee728b)  -> (artifact id: '72e59dee5347107a39e32e7573d5c768') in 0.069631 seconds 
========================================================================
Received Import Request.
  Time since last request: 0.000030 seconds.
  path: Assets/AssetStore/POLYGON city pack/Meshes,textures/props_FBX/Dynamic_power_pole_cable.fbx
  artifactKey: Guid(db2ce2858abe7e2439337f36cb4c5fc2) Importer(815301076,1909f56bfc062723c751e8b465ee728b)
Start importing Assets/AssetStore/POLYGON city pack/Meshes,textures/props_FBX/Dynamic_power_pole_cable.fbx using Guid(db2ce2858abe7e2439337f36cb4c5fc2) Importer(815301076,1909f56bfc062723c751e8b465ee728b)  -> (artifact id: '562ee5b33e1a886e1ed6719904e53a24') in 0.089863 seconds 
========================================================================
Received Import Request.
  Time since last request: 0.000085 seconds.
  path: Assets/AssetStore/POLYGON city pack/Meshes,textures/props_FBX/Grass.fbx
  artifactKey: Guid(3900d928ccec44041bdd0c3d50026c02) Importer(815301076,1909f56bfc062723c751e8b465ee728b)
Start importing Assets/AssetStore/POLYGON city pack/Meshes,textures/props_FBX/Grass.fbx using Guid(3900d928ccec44041bdd0c3d50026c02) Importer(815301076,1909f56bfc062723c751e8b465ee728b)  -> (artifact id: 'f6d9e6cde755a8c9c85346b3cf88dfde') in 0.054412 seconds 
========================================================================
Received Import Request.
  Time since last request: 0.000028 seconds.
  path: Assets/AssetStore/POLYGON city pack/Meshes,textures/props_FBX/Fence_B_1.fbx
  artifactKey: Guid(bfc6f79cd64e73d408685f05930b9105) Importer(815301076,1909f56bfc062723c751e8b465ee728b)
Start importing Assets/AssetStore/POLYGON city pack/Meshes,textures/props_FBX/Fence_B_1.fbx using Guid(bfc6f79cd64e73d408685f05930b9105) Importer(815301076,1909f56bfc062723c751e8b465ee728b)  -> (artifact id: '284c1d3c565f897780a55eb914d52132') in 0.032507 seconds 
========================================================================
Received Import Request.
  Time since last request: 0.000031 seconds.
  path: Assets/AssetStore/POLYGON city pack/Meshes,textures/props_FBX/Flower 1 organ 1.png
  artifactKey: Guid(dff63f9af4a51274e886c803b053ec43) Importer(815301076,1909f56bfc062723c751e8b465ee728b)
Start importing Assets/AssetStore/POLYGON city pack/Meshes,textures/props_FBX/Flower 1 organ 1.png using Guid(dff63f9af4a51274e886c803b053ec43) Importer(815301076,1909f56bfc062723c751e8b465ee728b)  -> (artifact id: 'b2c6bbeb007718feb5acafef6b92d279') in 0.041606 seconds 
========================================================================
Received Import Request.
  Time since last request: 0.000026 seconds.
  path: Assets/AssetStore/POLYGON city pack/Meshes,textures/props_FBX/drink_machine_texture.png
  artifactKey: Guid(5bf66335a37f8c449b9d5b901659057a) Importer(815301076,1909f56bfc062723c751e8b465ee728b)
Start importing Assets/AssetStore/POLYGON city pack/Meshes,textures/props_FBX/drink_machine_texture.png using Guid(5bf66335a37f8c449b9d5b901659057a) Importer(815301076,1909f56bfc062723c751e8b465ee728b)  -> (artifact id: 'ad9b46345c381777048c95e0b78cbcd2') in 0.048421 seconds 
========================================================================
Received Import Request.
  Time since last request: 0.000027 seconds.
  path: Assets/AssetStore/POLYGON city pack/Meshes,textures/props_FBX/Flower 1.fbx
  artifactKey: Guid(f527259d98e2c0646814ac63efdac060) Importer(815301076,1909f56bfc062723c751e8b465ee728b)
Start importing Assets/AssetStore/POLYGON city pack/Meshes,textures/props_FBX/Flower 1.fbx using Guid(f527259d98e2c0646814ac63efdac060) Importer(815301076,1909f56bfc062723c751e8b465ee728b)  -> (artifact id: '4979bb4b784c284219ed76d9b7dc0bf8') in 0.056943 seconds 
========================================================================
Received Import Request.
  Time since last request: 2.802280 seconds.
  path: Assets/AssetStore/POLYGON city pack/Meshes,textures/Shops_FBX/Materials/Box.mat
  artifactKey: Guid(0fc2caed038ff1d42bf1980427c601b9) Importer(815301076,1909f56bfc062723c751e8b465ee728b)
Start importing Assets/AssetStore/POLYGON city pack/Meshes,textures/Shops_FBX/Materials/Box.mat using Guid(0fc2caed038ff1d42bf1980427c601b9) Importer(815301076,1909f56bfc062723c751e8b465ee728b)  -> (artifact id: 'bb4039ae11971fc7a3948026be9d1116') in 0.038824 seconds 
========================================================================
Received Import Request.
  Time since last request: 0.000031 seconds.
  path: Assets/AssetStore/POLYGON city pack/Meshes,textures/Shops_FBX/Materials/Info_sign_02.mat
  artifactKey: Guid(e331b1f033562c044b1c30e0d83b5977) Importer(815301076,1909f56bfc062723c751e8b465ee728b)
Start importing Assets/AssetStore/POLYGON city pack/Meshes,textures/Shops_FBX/Materials/Info_sign_02.mat using Guid(e331b1f033562c044b1c30e0d83b5977) Importer(815301076,1909f56bfc062723c751e8b465ee728b)  -> (artifact id: '2de9bd0a1de3eb8662b6e485553b19bd') in 0.022537 seconds 
========================================================================
Received Import Request.
  Time since last request: 0.000035 seconds.
  path: Assets/AssetStore/POLYGON city pack/Meshes,textures/Shops_FBX/Materials/Door_03.mat
  artifactKey: Guid(d6524ffebb41a8245840b19601b7ffb8) Importer(815301076,1909f56bfc062723c751e8b465ee728b)
Start importing Assets/AssetStore/POLYGON city pack/Meshes,textures/Shops_FBX/Materials/Door_03.mat using Guid(d6524ffebb41a8245840b19601b7ffb8) Importer(815301076,1909f56bfc062723c751e8b465ee728b)  -> (artifact id: '306613a59adae0f88d8880abe5ac03ce') in 0.025631 seconds 
========================================================================
Received Import Request.
  Time since last request: 0.000039 seconds.
  path: Assets/AssetStore/POLYGON city pack/Meshes,textures/Shops_FBX/Materials/Roof_04.mat
  artifactKey: Guid(3a8510c8668858043bdeaa1e012e1059) Importer(815301076,1909f56bfc062723c751e8b465ee728b)
Start importing Assets/AssetStore/POLYGON city pack/Meshes,textures/Shops_FBX/Materials/Roof_04.mat using Guid(3a8510c8668858043bdeaa1e012e1059) Importer(815301076,1909f56bfc062723c751e8b465ee728b)  -> (artifact id: '82cda9b7746b3d994a43471dac79be0b') in 0.022585 seconds 
========================================================================
Received Import Request.
  Time since last request: 0.000029 seconds.
  path: Assets/AssetStore/POLYGON city pack/Meshes,textures/Shops_FBX/Materials/Holder.mat
  artifactKey: Guid(a8c3a82a8614e204a8b43ed61c625dad) Importer(815301076,1909f56bfc062723c751e8b465ee728b)
Start importing Assets/AssetStore/POLYGON city pack/Meshes,textures/Shops_FBX/Materials/Holder.mat using Guid(a8c3a82a8614e204a8b43ed61c625dad) Importer(815301076,1909f56bfc062723c751e8b465ee728b)  -> (artifact id: 'ce6482027e79a0e462ce4a88c66c064e') in 0.024524 seconds 
========================================================================
Received Import Request.
  Time since last request: 0.000025 seconds.
  path: Assets/AssetStore/POLYGON city pack/Meshes,textures/Shops_FBX/Materials/Facade_03.mat
  artifactKey: Guid(782706f89f0c07448a1065c15fa351c7) Importer(815301076,1909f56bfc062723c751e8b465ee728b)
Start importing Assets/AssetStore/POLYGON city pack/Meshes,textures/Shops_FBX/Materials/Facade_03.mat using Guid(782706f89f0c07448a1065c15fa351c7) Importer(815301076,1909f56bfc062723c751e8b465ee728b)  -> (artifact id: '78aeda85ff0b0f53232e26552270b6c7') in 0.024673 seconds 
========================================================================
Received Import Request.
  Time since last request: 0.000054 seconds.
  path: Assets/AssetStore/POLYGON city pack/Meshes,textures/Shops_FBX/Materials/Roof_01.mat
  artifactKey: Guid(94696599c927f2f4098bd1a6d5daddb4) Importer(815301076,1909f56bfc062723c751e8b465ee728b)
Start importing Assets/AssetStore/POLYGON city pack/Meshes,textures/Shops_FBX/Materials/Roof_01.mat using Guid(94696599c927f2f4098bd1a6d5daddb4) Importer(815301076,1909f56bfc062723c751e8b465ee728b)  -> (artifact id: '16847d61c048209a41df7036d37dfaff') in 0.024753 seconds 
========================================================================
Received Import Request.
  Time since last request: 0.000035 seconds.
  path: Assets/AssetStore/POLYGON city pack/Meshes,textures/Shops_FBX/Materials/Facade_02.mat
  artifactKey: Guid(bcc6694127a6206498a69bb829cf0d19) Importer(815301076,1909f56bfc062723c751e8b465ee728b)
Start importing Assets/AssetStore/POLYGON city pack/Meshes,textures/Shops_FBX/Materials/Facade_02.mat using Guid(bcc6694127a6206498a69bb829cf0d19) Importer(815301076,1909f56bfc062723c751e8b465ee728b)  -> (artifact id: '24f15c34dd56c2067689259c19c61620') in 0.025759 seconds 
========================================================================
Received Import Request.
  Time since last request: 0.000031 seconds.
  path: Assets/AssetStore/POLYGON city pack/Meshes,textures/Shops_FBX/Materials/Info_sign_01.mat
  artifactKey: Guid(b48635d2150e72b4b9122f09693e27a6) Importer(815301076,1909f56bfc062723c751e8b465ee728b)
Start importing Assets/AssetStore/POLYGON city pack/Meshes,textures/Shops_FBX/Materials/Info_sign_01.mat using Guid(b48635d2150e72b4b9122f09693e27a6) Importer(815301076,1909f56bfc062723c751e8b465ee728b)  -> (artifact id: 'd6b73e79591aaef087ddd4402586333e') in 0.025000 seconds 
========================================================================
Received Import Request.
  Time since last request: 0.000039 seconds.
  path: Assets/AssetStore/POLYGON city pack/Meshes,textures/Shops_FBX/Materials/Sideway.mat
  artifactKey: Guid(df19b937f98aeac419678e52791119d2) Importer(815301076,1909f56bfc062723c751e8b465ee728b)
Start importing Assets/AssetStore/POLYGON city pack/Meshes,textures/Shops_FBX/Materials/Sideway.mat using Guid(df19b937f98aeac419678e52791119d2) Importer(815301076,1909f56bfc062723c751e8b465ee728b)  -> (artifact id: 'a2ec9888c9c0bd0fa449cf5b8d4cf67c') in 0.026104 seconds 
========================================================================
Received Import Request.
  Time since last request: 0.000133 seconds.
  path: Assets/AssetStore/POLYGON city pack/Meshes,textures/Shops_FBX/Materials/green.mat
  artifactKey: Guid(8b297f7e4b86abd4284d00ab8b355ecf) Importer(815301076,1909f56bfc062723c751e8b465ee728b)
Start importing Assets/AssetStore/POLYGON city pack/Meshes,textures/Shops_FBX/Materials/green.mat using Guid(8b297f7e4b86abd4284d00ab8b355ecf) Importer(815301076,1909f56bfc062723c751e8b465ee728b)  -> (artifact id: 'af0eb9ee4af0ff79174cff5f9e8c35f7') in 0.025638 seconds 
========================================================================
Received Import Request.
  Time since last request: 0.000028 seconds.
  path: Assets/AssetStore/POLYGON city pack/Meshes,textures/Shops_FBX/Materials/Door_01.mat
  artifactKey: Guid(54bed0b3601852e4383872ae31c89b6e) Importer(815301076,1909f56bfc062723c751e8b465ee728b)
Start importing Assets/AssetStore/POLYGON city pack/Meshes,textures/Shops_FBX/Materials/Door_01.mat using Guid(54bed0b3601852e4383872ae31c89b6e) Importer(815301076,1909f56bfc062723c751e8b465ee728b)  -> (artifact id: 'a7bae1dbdf66362ff2556016d55dc520') in 0.024837 seconds 
========================================================================
Received Import Request.
  Time since last request: 0.000041 seconds.
  path: Assets/AssetStore/POLYGON city pack/Meshes,textures/Shops_FBX/Materials/Door_05.mat
  artifactKey: Guid(6d7eab4d29ac4484db479adf7180de0e) Importer(815301076,1909f56bfc062723c751e8b465ee728b)
Start importing Assets/AssetStore/POLYGON city pack/Meshes,textures/Shops_FBX/Materials/Door_05.mat using Guid(6d7eab4d29ac4484db479adf7180de0e) Importer(815301076,1909f56bfc062723c751e8b465ee728b)  -> (artifact id: '4172d3714417f658c77694e7e3e669fd') in 0.035108 seconds 
========================================================================
Received Import Request.
  Time since last request: 0.000027 seconds.
  path: Assets/AssetStore/POLYGON city pack/Meshes,textures/Shops_FBX/Materials/Roof_02.mat
  artifactKey: Guid(7cd7aef8730edc148a5de9d354b541c5) Importer(815301076,1909f56bfc062723c751e8b465ee728b)
Start importing Assets/AssetStore/POLYGON city pack/Meshes,textures/Shops_FBX/Materials/Roof_02.mat using Guid(7cd7aef8730edc148a5de9d354b541c5) Importer(815301076,1909f56bfc062723c751e8b465ee728b)  -> (artifact id: 'ccb8bbbcda97a389277394fc7e1bc806') in 0.024540 seconds 
========================================================================
Received Import Request.
  Time since last request: 0.000057 seconds.
  path: Assets/AssetStore/POLYGON city pack/Meshes,textures/Shops_FBX/Materials/Roof.mat
  artifactKey: Guid(bd1ab28fe60715946b403aaa00417e43) Importer(815301076,1909f56bfc062723c751e8b465ee728b)
Start importing Assets/AssetStore/POLYGON city pack/Meshes,textures/Shops_FBX/Materials/Roof.mat using Guid(bd1ab28fe60715946b403aaa00417e43) Importer(815301076,1909f56bfc062723c751e8b465ee728b)  -> (artifact id: 'ec5cb59a02d7cf1cae2ea40e5af5d615') in 0.027174 seconds 
========================================================================
Received Import Request.
  Time since last request: 0.000035 seconds.
  path: Assets/AssetStore/POLYGON city pack/Meshes,textures/Shops_FBX/Materials/Pole.mat
  artifactKey: Guid(a91010901bdc49b408500133d7fab774) Importer(815301076,1909f56bfc062723c751e8b465ee728b)
Start importing Assets/AssetStore/POLYGON city pack/Meshes,textures/Shops_FBX/Materials/Pole.mat using Guid(a91010901bdc49b408500133d7fab774) Importer(815301076,1909f56bfc062723c751e8b465ee728b)  -> (artifact id: '08bf7937de0ca609338cd6e10257c9c2') in 0.025959 seconds 
