Using pre-set license
Built from '2020.3/staging' branch; Version is '2020.3.0f1 (c7b5465681fb) revision 13088070'; Using compiler version '192528614'; Build Type 'Release'
OS: 'Windows 10 Home; OS build 19043.1348; Version 2009; 64bit' Language: 'en' Physical Memory: 16304 MB
BatchMode: 1, IsHumanControllingUs: 0, StartBugReporterOnCrash: 0, Is64bit: 1, IsPro: 0

 COMMAND LINE ARGUMENTS:
C:\Program Files\Unity\Hub\Editor\2020.3.0f1\Editor\Unity.exe
-adb2
-batchMode
-noUpm
-name
AssetImportWorker0
-projectPath
D:/tuc/Github/Thesis/Unity/Thesis_Results
-logFile
Logs/AssetImportWorker0.log
-srvPort
55153
Successfully changed project path to: D:/tuc/Github/Thesis/Unity/Thesis_Results
D:/tuc/Github/Thesis/Unity/Thesis_Results
Using Asset Import Pipeline V2.
Refreshing native plugins compatible for Editor in 275.44 ms, found 3 plugins.
Preloading 0 native plugins for Editor in 0.00 ms.
Initialize engine version: 2020.3.0f1 (c7b5465681fb)
[Subsystems] Discovering subsystems at path C:/Program Files/Unity/Hub/Editor/2020.3.0f1/Editor/Data/Resources/UnitySubsystems
[Subsystems] Discovering subsystems at path D:/tuc/Github/Thesis/Unity/Thesis_Results/Assets
GfxDevice: creating device client; threaded=0
Direct3D:
    Version:  Direct3D 11.0 [level 11.1]
    Renderer: NVIDIA GeForce GTX 1050 (ID=0x1c8d)
    Vendor:   
    VRAM:     1979 MB
    Driver:   30.0.14.7196
Initialize mono
Mono path[0] = 'C:/Program Files/Unity/Hub/Editor/2020.3.0f1/Editor/Data/Managed'
Mono path[1] = 'C:/Program Files/Unity/Hub/Editor/2020.3.0f1/Editor/Data/MonoBleedingEdge/lib/mono/unityjit'
Mono config path = 'C:/Program Files/Unity/Hub/Editor/2020.3.0f1/Editor/Data/MonoBleedingEdge/etc'
Using monoOptions --debugger-agent=transport=dt_socket,embedding=1,server=y,suspend=n,address=127.0.0.1:56748
Begin MonoManager ReloadAssembly
Registering precompiled unity dll's ...
Register platform support module: C:/Program Files/Unity/Hub/Editor/2020.3.0f1/Editor/Data/PlaybackEngines/WindowsStandaloneSupport/UnityEditor.WindowsStandalone.Extensions.dll
Registered in 0.015256 seconds.
Native extension for WindowsStandalone target not found
Refreshing native plugins compatible for Editor in 296.50 ms, found 3 plugins.
Preloading 0 native plugins for Editor in 0.00 ms.
Invoked RoslynAnalysisRunner static constructor.
RoslynAnalysisRunner will not be running.
RoslynAnalysisRunner has terminated.
Mono: successfully reloaded assembly
- Completed reload, in  4.418 seconds
Platform modules already initialized, skipping
Registering precompiled user dll's ...
Registered in 0.030313 seconds.
Begin MonoManager ReloadAssembly
Symbol file LoadedFromMemory doesn't match image D:\tuc\Github\Thesis\Unity\Thesis_Results\Library\PackageCache\com.unity.visualscripting@1.7.6\Editor\VisualScripting.Core\Dependencies\YamlDotNet\Unity.VisualScripting.YamlDotNet.dll
Symbol file LoadedFromMemory doesn't match image D:\tuc\Github\Thesis\Unity\Thesis_Results\Library\PackageCache\com.unity.visualscripting@1.7.6\Editor\VisualScripting.Core\Dependencies\DotNetZip\Unity.VisualScripting.IonicZip.dll
Native extension for WindowsStandalone target not found
Refreshing native plugins compatible for Editor in 1.40 ms, found 3 plugins.
Preloading 0 native plugins for Editor in 0.00 ms.
Invoked RoslynAnalysisRunner static constructor.
RoslynAnalysisRunner will not be running.
RoslynAnalysisRunner has terminated.
Mono: successfully reloaded assembly
- Completed reload, in  4.038 seconds
Platform modules already initialized, skipping
========================================================================
Worker process is ready to serve import requests
Launched and connected shader compiler UnityShaderCompiler.exe after 0.30 seconds
Refreshing native plugins compatible for Editor in 1.33 ms, found 3 plugins.
Preloading 0 native plugins for Editor in 0.00 ms.
Unloading 2992 Unused Serialized files (Serialized files now loaded: 0)
System memory in use before: 110.5 MB.
System memory in use after: 110.7 MB.

Unloading 22 unused Assets to reduce memory usage. Loaded Objects now: 3433.
Total: 6.709900 ms (FindLiveObjects: 1.095800 ms CreateObjectMapping: 0.552100 ms MarkObjects: 4.748100 ms  DeleteObjects: 0.308300 ms)

========================================================================
Received Import Request.
  path: Assets/HDRPFurniturePack/Curtain/Models/Curtain_240x140.fbx
  artifactKey: Guid(b9ad5a30f6ddfb04ead4a475b2911054) Importer(815301076,1909f56bfc062723c751e8b465ee728b)
Start importing Assets/HDRPFurniturePack/Curtain/Models/Curtain_240x140.fbx using Guid(b9ad5a30f6ddfb04ead4a475b2911054) Importer(815301076,1909f56bfc062723c751e8b465ee728b)  -> (artifact id: '825426f802f92ee0326c3e5be8f553de') in 0.548573 seconds
  Import took 0.621036 seconds .

========================================================================
Received Import Request.
  Time since last request: 0.002237 seconds.
  path: Assets/HDRPFurniturePack/Curtain/Curtain_240x140.prefab
  artifactKey: Guid(fdc1059a7ab76be4f9ded8df239e51c8) Importer(815301076,1909f56bfc062723c751e8b465ee728b)
Start importing Assets/HDRPFurniturePack/Curtain/Curtain_240x140.prefab using Guid(fdc1059a7ab76be4f9ded8df239e51c8) Importer(815301076,1909f56bfc062723c751e8b465ee728b)  -> (artifact id: '31fa7e591812579f6055e588f07efaca') in 0.055552 seconds
  Import took 0.088090 seconds .

========================================================================
Received Import Request.
  Time since last request: 0.000553 seconds.
  path: Assets/HDRPFurniturePack
  artifactKey: Guid(bfcc4421bfca3b044bbd5cd9ed5251dc) Importer(815301076,1909f56bfc062723c751e8b465ee728b)
Start importing Assets/HDRPFurniturePack using Guid(bfcc4421bfca3b044bbd5cd9ed5251dc) Importer(815301076,1909f56bfc062723c751e8b465ee728b)  -> (artifact id: '7558af14d77711c8a6e424a1049930a2') in 0.024367 seconds
  Import took 0.040208 seconds .

========================================================================
Received Import Request.
  Time since last request: 0.000568 seconds.
  path: Assets/HDRPFurniturePack/Curtain
  artifactKey: Guid(d6e07b43eb3c9da4c9993de64af722da) Importer(815301076,1909f56bfc062723c751e8b465ee728b)
Start importing Assets/HDRPFurniturePack/Curtain using Guid(d6e07b43eb3c9da4c9993de64af722da) Importer(815301076,1909f56bfc062723c751e8b465ee728b)  -> (artifact id: 'f912df7b1ff03e420c13f786efdf17af') in 0.017164 seconds
  Import took 0.031835 seconds .

========================================================================
Received Import Request.
  Time since last request: 0.000492 seconds.
  path: Assets/HDRPFurniturePack/Curtain/Models
  artifactKey: Guid(d0247ba58d1d9d640a3e925ff9dd5970) Importer(815301076,1909f56bfc062723c751e8b465ee728b)
Start importing Assets/HDRPFurniturePack/Curtain/Models using Guid(d0247ba58d1d9d640a3e925ff9dd5970) Importer(815301076,1909f56bfc062723c751e8b465ee728b)  -> (artifact id: '6664cdaa4c718f8c54350a9472b9861e') in 0.021205 seconds
  Import took 0.054383 seconds .

========================================================================
Received Import Request.
  Time since last request: 12.761038 seconds.
  path: Assets/HDRPFurniturePack/Curtain/Textures
  artifactKey: Guid(16321755f6c9ae449b82c1cf007fcf20) Importer(815301076,1909f56bfc062723c751e8b465ee728b)
Start importing Assets/HDRPFurniturePack/Curtain/Textures using Guid(16321755f6c9ae449b82c1cf007fcf20) Importer(815301076,1909f56bfc062723c751e8b465ee728b)  -> (artifact id: '131216f563071372eda4ae67b42bdebc') in 0.023008 seconds
  Import took 0.050502 seconds .

========================================================================
Received Import Request.
  Time since last request: 0.039444 seconds.
  path: Assets/HDRPFurniturePack/Curtain/Textures/Curtain_240x140_ao.png
  artifactKey: Guid(594a9362add42fd49ac99845f674d19c) Importer(815301076,1909f56bfc062723c751e8b465ee728b)
Start importing Assets/HDRPFurniturePack/Curtain/Textures/Curtain_240x140_ao.png using Guid(594a9362add42fd49ac99845f674d19c) Importer(815301076,1909f56bfc062723c751e8b465ee728b)  -> (artifact id: 'de31116c50fdc7041db8f7a50fa0b7fd') in 0.098706 seconds
  Import took 0.113567 seconds .

========================================================================
Received Import Request.
  Time since last request: 0.000504 seconds.
  path: Assets/HDRPFurniturePack/Curtain/Textures/Fabric_Kivet_Marimekko.png
  artifactKey: Guid(d09480eb4c93c2f40aaad4273266d808) Importer(815301076,1909f56bfc062723c751e8b465ee728b)
Start importing Assets/HDRPFurniturePack/Curtain/Textures/Fabric_Kivet_Marimekko.png using Guid(d09480eb4c93c2f40aaad4273266d808) Importer(815301076,1909f56bfc062723c751e8b465ee728b)  -> (artifact id: '75e15ab150eae87ac7c66288a06b630c') in 0.042745 seconds
  Import took 0.098299 seconds .

========================================================================
Received Import Request.
  Time since last request: 0.007152 seconds.
  path: Assets/HDRPFurniturePack/Curtain/Textures/Curtain_240x140_normal.png
  artifactKey: Guid(9b62cd56e7ecb2b49a334701061f3110) Importer(815301076,1909f56bfc062723c751e8b465ee728b)
Start importing Assets/HDRPFurniturePack/Curtain/Textures/Curtain_240x140_normal.png using Guid(9b62cd56e7ecb2b49a334701061f3110) Importer(815301076,1909f56bfc062723c751e8b465ee728b)  -> (artifact id: '24ba89a4a68c1441fbf10445d8887eb6') in 0.071065 seconds
  Import took 0.116471 seconds .

========================================================================
Received Import Request.
  Time since last request: 0.000535 seconds.
  path: Assets/HDRPFurniturePack/Curtain/Textures/Curtains_Long_Kivet_MaskMap.png
  artifactKey: Guid(09433d11bc7d11441b90547f04f3f05a) Importer(815301076,1909f56bfc062723c751e8b465ee728b)
Start importing Assets/HDRPFurniturePack/Curtain/Textures/Curtains_Long_Kivet_MaskMap.png using Guid(09433d11bc7d11441b90547f04f3f05a) Importer(815301076,1909f56bfc062723c751e8b465ee728b)  -> (artifact id: '82247ce522f38f632ba642bc21911358') in 0.042552 seconds
  Import took 0.058306 seconds .

========================================================================
Received Import Request.
  Time since last request: 0.000604 seconds.
  path: Assets/HDRPFurniturePack/Curtain/Textures/Curtains_Long_Kivet_DetailMap.png
  artifactKey: Guid(23aaa6c5f3ec68742a9eb4261ee53405) Importer(815301076,1909f56bfc062723c751e8b465ee728b)
Start importing Assets/HDRPFurniturePack/Curtain/Textures/Curtains_Long_Kivet_DetailMap.png using Guid(23aaa6c5f3ec68742a9eb4261ee53405) Importer(815301076,1909f56bfc062723c751e8b465ee728b)  -> (artifact id: '2129df3904f2fdc29aa980463f55a04a') in 0.087505 seconds
  Import took 0.127850 seconds .

========================================================================
Received Prepare
Registering precompiled user dll's ...
Registered in 0.032125 seconds.
Begin MonoManager ReloadAssembly
Symbol file LoadedFromMemory doesn't match image D:\tuc\Github\Thesis\Unity\Thesis_Results\Library\PackageCache\com.unity.visualscripting@1.7.6\Editor\VisualScripting.Core\Dependencies\YamlDotNet\Unity.VisualScripting.YamlDotNet.dll
Symbol file LoadedFromMemory doesn't match image D:\tuc\Github\Thesis\Unity\Thesis_Results\Library\PackageCache\com.unity.visualscripting@1.7.6\Editor\VisualScripting.Core\Dependencies\DotNetZip\Unity.VisualScripting.IonicZip.dll
Native extension for WindowsStandalone target not found
Refreshing native plugins compatible for Editor in 1.25 ms, found 3 plugins.
Preloading 0 native plugins for Editor in 0.00 ms.
Invoked RoslynAnalysisRunner static constructor.
RoslynAnalysisRunner will not be running.
RoslynAnalysisRunner has terminated.
Mono: successfully reloaded assembly
- Completed reload, in  3.463 seconds
Platform modules already initialized, skipping
Refreshing native plugins compatible for Editor in 1.38 ms, found 3 plugins.
Preloading 0 native plugins for Editor in 0.00 ms.
Unloading 2986 Unused Serialized files (Serialized files now loaded: 0)
System memory in use before: 113.8 MB.
System memory in use after: 114.0 MB.

Unloading 18 unused Assets to reduce memory usage. Loaded Objects now: 3448.
Total: 5.562900 ms (FindLiveObjects: 0.808700 ms CreateObjectMapping: 0.491300 ms MarkObjects: 4.193300 ms  DeleteObjects: 0.066900 ms)

========================================================================
Received Import Request.
  Time since last request: 328.709327 seconds.
  path: Assets/AssetStore/POLYGON city pack/Meshes,textures
  artifactKey: Guid(c7a7549c349412740b70056f5a09907c) Importer(815301076,1909f56bfc062723c751e8b465ee728b)
Start importing Assets/AssetStore/POLYGON city pack/Meshes,textures using Guid(c7a7549c349412740b70056f5a09907c) Importer(815301076,1909f56bfc062723c751e8b465ee728b)  -> (artifact id: '63a53ce9ef49bb122ed6e22757778118') in 0.147409 seconds
  Import took 0.161598 seconds .

========================================================================
Received Prepare
Registering precompiled user dll's ...
Registered in 0.034520 seconds.
Begin MonoManager ReloadAssembly
Symbol file LoadedFromMemory doesn't match image D:\tuc\Github\Thesis\Unity\Thesis_Results\Library\PackageCache\com.unity.visualscripting@1.7.6\Editor\VisualScripting.Core\Dependencies\YamlDotNet\Unity.VisualScripting.YamlDotNet.dll
Symbol file LoadedFromMemory doesn't match image D:\tuc\Github\Thesis\Unity\Thesis_Results\Library\PackageCache\com.unity.visualscripting@1.7.6\Editor\VisualScripting.Core\Dependencies\DotNetZip\Unity.VisualScripting.IonicZip.dll
Native extension for WindowsStandalone target not found
Refreshing native plugins compatible for Editor in 2.17 ms, found 3 plugins.
Preloading 0 native plugins for Editor in 0.00 ms.
Invoked RoslynAnalysisRunner static constructor.
RoslynAnalysisRunner will not be running.
RoslynAnalysisRunner has terminated.
Mono: successfully reloaded assembly
- Completed reload, in  3.511 seconds
Platform modules already initialized, skipping
Refreshing native plugins compatible for Editor in 1.34 ms, found 3 plugins.
Preloading 0 native plugins for Editor in 0.00 ms.
Unloading 2986 Unused Serialized files (Serialized files now loaded: 0)
System memory in use before: 113.8 MB.
System memory in use after: 114.0 MB.

Unloading 17 unused Assets to reduce memory usage. Loaded Objects now: 3450.
Total: 5.389300 ms (FindLiveObjects: 0.555600 ms CreateObjectMapping: 0.344300 ms MarkObjects: 4.431500 ms  DeleteObjects: 0.055600 ms)

========================================================================
Received Prepare
Registering precompiled user dll's ...
Registered in 0.036582 seconds.
Begin MonoManager ReloadAssembly
Symbol file LoadedFromMemory doesn't match image D:\tuc\Github\Thesis\Unity\Thesis_Results\Library\PackageCache\com.unity.visualscripting@1.7.6\Editor\VisualScripting.Core\Dependencies\YamlDotNet\Unity.VisualScripting.YamlDotNet.dll
Symbol file LoadedFromMemory doesn't match image D:\tuc\Github\Thesis\Unity\Thesis_Results\Library\PackageCache\com.unity.visualscripting@1.7.6\Editor\VisualScripting.Core\Dependencies\DotNetZip\Unity.VisualScripting.IonicZip.dll
Native extension for WindowsStandalone target not found
Refreshing native plugins compatible for Editor in 1.34 ms, found 3 plugins.
Preloading 0 native plugins for Editor in 0.00 ms.
Invoked RoslynAnalysisRunner static constructor.
RoslynAnalysisRunner will not be running.
RoslynAnalysisRunner has terminated.
Mono: successfully reloaded assembly
- Completed reload, in  4.784 seconds
Platform modules already initialized, skipping
Refreshing native plugins compatible for Editor in 1.33 ms, found 3 plugins.
Preloading 0 native plugins for Editor in 0.00 ms.
Unloading 2986 Unused Serialized files (Serialized files now loaded: 0)
System memory in use before: 113.8 MB.
System memory in use after: 114.1 MB.

Unloading 17 unused Assets to reduce memory usage. Loaded Objects now: 3452.
Total: 6.329400 ms (FindLiveObjects: 0.524800 ms CreateObjectMapping: 0.343300 ms MarkObjects: 5.408300 ms  DeleteObjects: 0.049700 ms)

========================================================================
Received Prepare
Registering precompiled user dll's ...
Registered in 0.027962 seconds.
Begin MonoManager ReloadAssembly
Symbol file LoadedFromMemory doesn't match image D:\tuc\Github\Thesis\Unity\Thesis_Results\Library\PackageCache\com.unity.visualscripting@1.7.6\Editor\VisualScripting.Core\Dependencies\YamlDotNet\Unity.VisualScripting.YamlDotNet.dll
Symbol file LoadedFromMemory doesn't match image D:\tuc\Github\Thesis\Unity\Thesis_Results\Library\PackageCache\com.unity.visualscripting@1.7.6\Editor\VisualScripting.Core\Dependencies\DotNetZip\Unity.VisualScripting.IonicZip.dll
Native extension for WindowsStandalone target not found
Refreshing native plugins compatible for Editor in 1.78 ms, found 3 plugins.
Preloading 0 native plugins for Editor in 0.00 ms.
Invoked RoslynAnalysisRunner static constructor.
RoslynAnalysisRunner will not be running.
RoslynAnalysisRunner has terminated.
Mono: successfully reloaded assembly
- Completed reload, in  3.353 seconds
Platform modules already initialized, skipping
Refreshing native plugins compatible for Editor in 1.43 ms, found 3 plugins.
Preloading 0 native plugins for Editor in 0.00 ms.
Unloading 2986 Unused Serialized files (Serialized files now loaded: 0)
System memory in use before: 113.9 MB.
System memory in use after: 114.1 MB.

Unloading 17 unused Assets to reduce memory usage. Loaded Objects now: 3454.
Total: 6.172500 ms (FindLiveObjects: 0.719000 ms CreateObjectMapping: 0.331700 ms MarkObjects: 5.070200 ms  DeleteObjects: 0.047300 ms)

AssetImportWorkerClient::OnTransportError - code=2 error=End of file
